2021-06-11 22:10:57,595 - INFO - ++++++++++++++++++++++++++++++++++++++++++++++++++++++++++++++++++++++++++++++++++++++++++++++++++++
2021-06-11 22:10:57,597 - INFO - ç”¨æˆ·ä¿¡æ¯
2021-06-11 22:10:57,597 - ERROR - 'id'
Traceback (most recent call last):
  File "weibo.py", line 1079, in get_pages
    self.print_user_info()
  File "weibo.py", line 590, in print_user_info
    logger.info(u'ç”¨æˆ·idï¼š%s', self.user['id'])
KeyError: 'id'
2021-06-11 22:10:57,599 - INFO - ä¿¡æ¯æŠ“å–å®Œæ¯•
2021-06-11 22:10:57,599 - INFO - ****************************************************************************************************
2021-06-11 22:11:07,147 - INFO - å°é‚“ä»Šå¤©å¿«ä¹å˜› ä¿¡æ¯å†™å…¥csvæ–‡ä»¶å®Œæ¯•ï¼Œä¿å­˜è·¯å¾„:
2021-06-11 22:11:07,147 - INFO - D:\project\weibo-crawler\weibo\users.csv
2021-06-11 22:11:07,147 - INFO - ++++++++++++++++++++++++++++++++++++++++++++++++++++++++++++++++++++++++++++++++++++++++++++++++++++
2021-06-11 22:11:07,150 - INFO - ç”¨æˆ·ä¿¡æ¯
2021-06-11 22:11:07,150 - INFO - ç”¨æˆ·idï¼š5631052730
2021-06-11 22:11:07,150 - INFO - ç”¨æˆ·æ˜µç§°ï¼šå°é‚“ä»Šå¤©å¿«ä¹å˜›
2021-06-11 22:11:07,150 - INFO - æ€§åˆ«ï¼šå¥³
2021-06-11 22:11:07,151 - INFO - ç”Ÿæ—¥ï¼š
2021-06-11 22:11:07,151 - INFO - æ‰€åœ¨åœ°ï¼š
2021-06-11 22:11:07,151 - INFO - æ•™è‚²ç»å†ï¼š
2021-06-11 22:11:07,151 - INFO - å…¬å¸ï¼š
2021-06-11 22:11:07,151 - INFO - é˜³å…‰ä¿¡ç”¨ï¼š
2021-06-11 22:11:07,151 - INFO - æ³¨å†Œæ—¶é—´ï¼š
2021-06-11 22:11:07,152 - INFO - å¾®åšæ•°ï¼š39
2021-06-11 22:11:07,152 - INFO - ç²‰ä¸æ•°ï¼š57
2021-06-11 22:11:07,152 - INFO - å…³æ³¨æ•°ï¼š59
2021-06-11 22:11:07,152 - INFO - urlï¼šhttps://m.weibo.cn/profile/5631052730
2021-06-11 22:11:07,152 - INFO - è¶Šæ˜¯ç´¢å– è¶Šæ˜¯è´«ç˜ 
2021-06-11 22:11:07,153 - INFO - ++++++++++++++++++++++++++++++++++++++++++++++++++++++++++++++++++++++++++++++++++++++++++++++++++++
2021-06-11 22:11:07,797 - INFO - å¾®åšidï¼š4640827273909329
2021-06-11 22:11:07,797 - INFO - å¾®åšæ­£æ–‡ï¼šğŸŒ² ä¿å®šÂ·æ²³åŒ—å†œå¤§è¥¿æ ¡åŒº 
2021-06-11 22:11:07,797 - INFO - åŸå§‹å›¾ç‰‡urlï¼šhttps://wx1.sinaimg.cn/large/00695k38ly1gquwcnb0m0j30u0140nb2.jpg,https://wx4.sinaimg.cn/large/00695k38ly1gquwcm7lxlj30u0140gyf.jpg,https://wx2.sinaimg.cn/large/00695k38ly1gquwcnvqcoj30u01407hz.jpg
2021-06-11 22:11:07,798 - INFO - å¾®åšä½ç½®ï¼šä¿å®šÂ·æ²³åŒ—å†œå¤§è¥¿æ ¡åŒº
2021-06-11 22:11:07,798 - INFO - å‘å¸ƒæ—¶é—´ï¼š2021-05-25
2021-06-11 22:11:07,798 - INFO - å‘å¸ƒå·¥å…·ï¼šiPhoneå®¢æˆ·ç«¯
2021-06-11 22:11:07,798 - INFO - ç‚¹èµæ•°ï¼š6
2021-06-11 22:11:07,799 - INFO - è¯„è®ºæ•°ï¼š2
2021-06-11 22:11:07,799 - INFO - è½¬å‘æ•°ï¼š0
2021-06-11 22:11:07,799 - INFO - è¯é¢˜ï¼š
2021-06-11 22:11:07,799 - INFO - @ç”¨æˆ·ï¼š
2021-06-11 22:11:07,799 - INFO - urlï¼šhttps://m.weibo.cn/detail/4640827273909329
2021-06-11 22:11:07,800 - INFO - ------------------------------------------------------------------------------------------------------------------------
2021-06-11 22:11:07,800 - INFO - å¾®åšidï¼š4640446955394237
2021-06-11 22:11:07,801 - INFO - å¾®åšæ­£æ–‡ï¼šğŸŒ¸æ˜¨æ™šåšäº†ä¸€ä¸ªå¾ˆç¾å¦™çš„æ¢¦P1â€œæ€æ ·èƒ½è®©å®ƒé™ªæˆ‘ä¹…ç‚¹â€P3â€œæˆ‘å¥½åƒå¼€å§‹é€‚åº”äº†æ²¡æœ‰é‚£ä¹ˆå–˜äº†â€ ä¿å®šÂ·æ²³åŒ—å†œå¤§è¥¿æ ¡åŒº 
2021-06-11 22:11:07,801 - INFO - åŸå§‹å›¾ç‰‡urlï¼šhttps://wx4.sinaimg.cn/large/00695k38ly1gqtoxyke68j31910u0aov.jpg,https://wx3.sinaimg.cn/large/00695k38ly1gqtoxyyzedj30u0140jxp.jpg,https://wx4.sinaimg.cn/large/00695k38ly1gqtoxz9di6j31400u0aj0.jpg
2021-06-11 22:11:07,801 - INFO - å¾®åšä½ç½®ï¼šä¿å®šÂ·æ²³åŒ—å†œå¤§è¥¿æ ¡åŒº
2021-06-11 22:11:07,801 - INFO - å‘å¸ƒæ—¶é—´ï¼š2021-05-24
2021-06-11 22:11:07,802 - INFO - å‘å¸ƒå·¥å…·ï¼šiPhoneå®¢æˆ·ç«¯
2021-06-11 22:11:07,802 - INFO - ç‚¹èµæ•°ï¼š2
2021-06-11 22:11:07,802 - INFO - è¯„è®ºæ•°ï¼š2
2021-06-11 22:11:07,802 - INFO - è½¬å‘æ•°ï¼š0
2021-06-11 22:11:07,802 - INFO - è¯é¢˜ï¼š
2021-06-11 22:11:07,803 - INFO - @ç”¨æˆ·ï¼š
2021-06-11 22:11:07,803 - INFO - urlï¼šhttps://m.weibo.cn/detail/4640446955394237
2021-06-11 22:11:07,803 - INFO - ------------------------------------------------------------------------------------------------------------------------
2021-06-11 22:11:07,804 - INFO - å¾®åšidï¼š4639579665597053
2021-06-11 22:11:07,804 - INFO - å¾®åšæ­£æ–‡ï¼šæˆ‘èƒ½å­¦ä¼šï¼æˆ‘èƒ½å­¦ä¼šçš„å§ï¼Ÿï¼æˆ‘èƒ½å­¦ä¼šå—ï¼Ÿï¼Ÿï¼Ÿ ä¿å®šÂ·æ²³åŒ—å†œå¤§è¥¿æ ¡åŒº 
2021-06-11 22:11:07,804 - INFO - åŸå§‹å›¾ç‰‡urlï¼š
2021-06-11 22:11:07,804 - INFO - å¾®åšä½ç½®ï¼šä¿å®šÂ·æ²³åŒ—å†œå¤§è¥¿æ ¡åŒº
2021-06-11 22:11:07,804 - INFO - å‘å¸ƒæ—¶é—´ï¼š2021-05-22
2021-06-11 22:11:07,804 - INFO - å‘å¸ƒå·¥å…·ï¼šiPhoneå®¢æˆ·ç«¯
2021-06-11 22:11:07,804 - INFO - ç‚¹èµæ•°ï¼š1
2021-06-11 22:11:07,805 - INFO - è¯„è®ºæ•°ï¼š2
2021-06-11 22:11:07,805 - INFO - è½¬å‘æ•°ï¼š0
2021-06-11 22:11:07,805 - INFO - è¯é¢˜ï¼š
2021-06-11 22:11:07,805 - INFO - @ç”¨æˆ·ï¼š
2021-06-11 22:11:07,805 - INFO - urlï¼šhttps://m.weibo.cn/detail/4639579665597053
2021-06-11 22:11:07,805 - INFO - ------------------------------------------------------------------------------------------------------------------------
2021-06-11 22:11:07,806 - INFO - å¾®åšidï¼š4635395465413655
2021-06-11 22:11:07,806 - INFO - å¾®åšæ­£æ–‡ï¼šä»Šå¤©éƒ½æ˜¯ğŸŒ¸å§‘å¨˜å“‡ ä¿å®šÂ·æ²³åŒ—å†œå¤§è¥¿æ ¡åŒº 
2021-06-11 22:11:07,806 - INFO - åŸå§‹å›¾ç‰‡urlï¼šhttps://wx4.sinaimg.cn/large/00695k38ly1gqdkx784taj30u0140tr7.jpg,https://wx3.sinaimg.cn/large/00695k38ly1gqdkx7v4jaj30u00z0qgc.jpg,https://wx4.sinaimg.cn/large/00695k38ly1gqdkx8b6ffj30u012h19j.jpg,https://wx4.sinaimg.cn/large/00695k38ly1gqdkx8ncnfj30u01404c7.jpg
2021-06-11 22:11:07,806 - INFO - å¾®åšä½ç½®ï¼šä¿å®šÂ·æ²³åŒ—å†œå¤§è¥¿æ ¡åŒº
2021-06-11 22:11:07,807 - INFO - å‘å¸ƒæ—¶é—´ï¼š2021-05-10
2021-06-11 22:11:07,807 - INFO - å‘å¸ƒå·¥å…·ï¼šiPhoneå®¢æˆ·ç«¯
2021-06-11 22:11:07,807 - INFO - ç‚¹èµæ•°ï¼š2
2021-06-11 22:11:07,807 - INFO - è¯„è®ºæ•°ï¼š2
2021-06-11 22:11:07,807 - INFO - è½¬å‘æ•°ï¼š0
2021-06-11 22:11:07,807 - INFO - è¯é¢˜ï¼š
2021-06-11 22:11:07,808 - INFO - @ç”¨æˆ·ï¼š
2021-06-11 22:11:07,808 - INFO - urlï¼šhttps://m.weibo.cn/detail/4635395465413655
2021-06-11 22:11:07,808 - INFO - ------------------------------------------------------------------------------------------------------------------------
2021-06-11 22:11:07,808 - INFO - å¾®åšidï¼š4634697685275272
2021-06-11 22:11:07,808 - INFO - å¾®åšæ­£æ–‡ï¼šğŸ§¸è®ºæ–‡å†™ä¸å‡ºæ¥ æ‹å‡ºäº†å¥‡æ€ªè¡¨æƒ…å¤§èµå“‡ğŸ§¸ ä¿å®šÂ·æ²³åŒ—å†œå¤§è¥¿æ ¡åŒº 
2021-06-11 22:11:07,809 - INFO - åŸå§‹å›¾ç‰‡urlï¼šhttps://wx4.sinaimg.cn/large/00695k38ly1gqbcqedja8j32801o0npd.jpg,https://wx2.sinaimg.cn/large/00695k38ly1gqbcqbzx26j31o01o07wh.jpg,https://wx3.sinaimg.cn/large/00695k38ly1gqbcqgwgb8j31o02801ky.jpg,https://wx1.sinaimg.cn/large/00695k38ly1gqbcqk3vuoj31o0280qv5.jpg,https://wx2.sinaimg.cn/large/00695k38ly1gqbcqkvtqyj30n0173dpx.jpg
2021-06-11 22:11:07,809 - INFO - å¾®åšä½ç½®ï¼šä¿å®šÂ·æ²³åŒ—å†œå¤§è¥¿æ ¡åŒº
2021-06-11 22:11:07,809 - INFO - å‘å¸ƒæ—¶é—´ï¼š2021-05-08
2021-06-11 22:11:07,809 - INFO - å‘å¸ƒå·¥å…·ï¼šiPhoneå®¢æˆ·ç«¯
2021-06-11 22:11:07,809 - INFO - ç‚¹èµæ•°ï¼š4
2021-06-11 22:11:07,810 - INFO - è¯„è®ºæ•°ï¼š2
2021-06-11 22:11:07,810 - INFO - è½¬å‘æ•°ï¼š0
2021-06-11 22:11:07,810 - INFO - è¯é¢˜ï¼š
2021-06-11 22:11:07,810 - INFO - @ç”¨æˆ·ï¼š
2021-06-11 22:11:07,810 - INFO - urlï¼šhttps://m.weibo.cn/detail/4634697685275272
2021-06-11 22:11:07,810 - INFO - ------------------------------------------------------------------------------------------------------------------------
2021-06-11 22:11:07,811 - INFO - å¾®åšidï¼š4632150613689927
2021-06-11 22:11:07,811 - INFO - å¾®åšæ­£æ–‡ï¼šğŸ§©â€œå°åˆ˜å¯¹æˆ‘æ¥è¯´ å°±æ˜¯æ¸©æŸ”æœ¬èº«â€ ä¿å®šÂ·æ²³åŒ—å†œå¤§è¥¿æ ¡åŒº 
2021-06-11 22:11:07,811 - INFO - åŸå§‹å›¾ç‰‡urlï¼šhttps://wx3.sinaimg.cn/large/00695k38ly1gq382vj95zj32c0340u0x.jpg,https://wx2.sinaimg.cn/large/00695k38ly1gq383044cjj30mz0w6ajq.jpg,https://wx2.sinaimg.cn/large/00695k38ly1gq382wr7ksj30fs0fs76k.jpg,https://wx1.sinaimg.cn/large/00695k38ly1gq382xusf8j33402c04qq.jpg,https://wx3.sinaimg.cn/large/00695k38ly1gq38314jidj32c0340x6q.jpg,https://wx2.sinaimg.cn/large/00695k38ly1gq382z5rypj32c0340b2b.jpg
2021-06-11 22:11:07,812 - INFO - å¾®åšä½ç½®ï¼šä¿å®šÂ·æ²³åŒ—å†œå¤§è¥¿æ ¡åŒº
2021-06-11 22:11:07,812 - INFO - å‘å¸ƒæ—¶é—´ï¼š2021-05-01
2021-06-11 22:11:07,812 - INFO - å‘å¸ƒå·¥å…·ï¼šiPhoneå®¢æˆ·ç«¯
2021-06-11 22:11:07,812 - INFO - ç‚¹èµæ•°ï¼š10
2021-06-11 22:11:07,812 - INFO - è¯„è®ºæ•°ï¼š4
2021-06-11 22:11:07,813 - INFO - è½¬å‘æ•°ï¼š0
2021-06-11 22:11:07,813 - INFO - è¯é¢˜ï¼š
2021-06-11 22:11:07,813 - INFO - @ç”¨æˆ·ï¼š
2021-06-11 22:11:07,813 - INFO - urlï¼šhttps://m.weibo.cn/detail/4632150613689927
2021-06-11 22:11:07,813 - INFO - ------------------------------------------------------------------------------------------------------------------------
2021-06-11 22:11:07,814 - INFO - å¾®åšidï¼š4630512926720316
2021-06-11 22:11:07,814 - INFO - å¾®åšæ­£æ–‡ï¼šå’Œè‡ªå·±å’Œè§£ å°Šé‡æŸä¸€åˆ»è„‘å­é‡Œçš„æ‰€æœ‰æ„Ÿå—å’Œæƒ³æ³• 
2021-06-11 22:11:07,814 - INFO - åŸå§‹å›¾ç‰‡urlï¼š
2021-06-11 22:11:07,814 - INFO - å¾®åšä½ç½®ï¼š
2021-06-11 22:11:07,814 - INFO - å‘å¸ƒæ—¶é—´ï¼š2021-04-27
2021-06-11 22:11:07,814 - INFO - å‘å¸ƒå·¥å…·ï¼šiPhoneå®¢æˆ·ç«¯
2021-06-11 22:11:07,815 - INFO - ç‚¹èµæ•°ï¼š2
2021-06-11 22:11:07,815 - INFO - è¯„è®ºæ•°ï¼š0
2021-06-11 22:11:07,815 - INFO - è½¬å‘æ•°ï¼š0
2021-06-11 22:11:07,815 - INFO - è¯é¢˜ï¼š
2021-06-11 22:11:07,815 - INFO - @ç”¨æˆ·ï¼š
2021-06-11 22:11:07,815 - INFO - urlï¼šhttps://m.weibo.cn/detail/4630512926720316
2021-06-11 22:11:07,816 - INFO - ------------------------------------------------------------------------------------------------------------------------
2021-06-11 22:11:07,816 - INFO - å¾®åšidï¼š4628493130270781
2021-06-11 22:11:07,816 - INFO - å¾®åšæ­£æ–‡ï¼šâ€œæˆ‘å¸Œæœ›æˆ‘å¸Œæœ›çš„æ°¸è¿œæœ‰å¸Œæœ›â€ ä¿å®šÂ·æ²³åŒ—å†œå¤§è¥¿æ ¡åŒº 
2021-06-11 22:11:07,816 - INFO - åŸå§‹å›¾ç‰‡urlï¼šhttps://wx2.sinaimg.cn/large/00695k38ly1gprk0qa0qcj30u0141qi0.jpg,https://wx4.sinaimg.cn/large/00695k38ly1gprk0psrnnj31400u012q.jpg,https://wx2.sinaimg.cn/large/00695k38ly1gprk0qxnocj30u0141aqq.jpg
2021-06-11 22:11:07,817 - INFO - å¾®åšä½ç½®ï¼šä¿å®šÂ·æ²³åŒ—å†œå¤§è¥¿æ ¡åŒº
2021-06-11 22:11:07,817 - INFO - å‘å¸ƒæ—¶é—´ï¼š2021-04-21
2021-06-11 22:11:07,817 - INFO - å‘å¸ƒå·¥å…·ï¼šiPhoneå®¢æˆ·ç«¯
2021-06-11 22:11:07,817 - INFO - ç‚¹èµæ•°ï¼š27
2021-06-11 22:11:07,817 - INFO - è¯„è®ºæ•°ï¼š6
2021-06-11 22:11:07,817 - INFO - è½¬å‘æ•°ï¼š0
2021-06-11 22:11:07,818 - INFO - è¯é¢˜ï¼š
2021-06-11 22:11:07,818 - INFO - @ç”¨æˆ·ï¼š
2021-06-11 22:11:07,818 - INFO - urlï¼šhttps://m.weibo.cn/detail/4628493130270781
2021-06-11 22:11:07,818 - INFO - ------------------------------------------------------------------------------------------------------------------------
2021-06-11 22:11:07,818 - INFO - å¾®åšidï¼š4624205422790367
2021-06-11 22:11:07,819 - INFO - å¾®åšæ­£æ–‡ï¼šçˆ±æ„ç§¯æ”’å¤ªå¤š è§é¢å°±æ˜¯å”¯ä¸€çš„è§£å†³åŠæ³• 
2021-06-11 22:11:07,819 - INFO - åŸå§‹å›¾ç‰‡urlï¼šhttps://wx4.sinaimg.cn/large/00695k38ly1gpdvqx3hvij31sc2ds7wi.jpg,https://wx2.sinaimg.cn/large/00695k38ly1gpdvqy4jpjj33402c0e81.jpg,https://wx2.sinaimg.cn/large/00695k38ly1gpdvqz5odlj31o01flb29.jpg
2021-06-11 22:11:07,819 - INFO - å¾®åšä½ç½®ï¼š
2021-06-11 22:11:07,819 - INFO - å‘å¸ƒæ—¶é—´ï¼š2021-04-09
2021-06-11 22:11:07,820 - INFO - å‘å¸ƒå·¥å…·ï¼šiPhoneå®¢æˆ·ç«¯
2021-06-11 22:11:07,820 - INFO - ç‚¹èµæ•°ï¼š4
2021-06-11 22:11:07,820 - INFO - è¯„è®ºæ•°ï¼š1
2021-06-11 22:11:07,820 - INFO - è½¬å‘æ•°ï¼š0
2021-06-11 22:11:07,820 - INFO - è¯é¢˜ï¼š
2021-06-11 22:11:07,821 - INFO - @ç”¨æˆ·ï¼š
2021-06-11 22:11:07,821 - INFO - urlï¼šhttps://m.weibo.cn/detail/4624205422790367
2021-06-11 22:11:07,821 - INFO - ------------------------------------------------------------------------------------------------------------------------
2021-06-11 22:11:07,822 - INFO - å¾®åšidï¼š4617930941139045
2021-06-11 22:11:07,822 - INFO - å¾®åšæ­£æ–‡ï¼šä½ çŒœ æ´å¯ŸåŠ›æ•é”æ˜¯ä¸æ˜¯ä»¶å¥½äº‹å„¿ å¼ å®¶å£ 
2021-06-11 22:11:07,822 - INFO - åŸå§‹å›¾ç‰‡urlï¼š
2021-06-11 22:11:07,822 - INFO - å¾®åšä½ç½®ï¼šå¼ å®¶å£
2021-06-11 22:11:07,822 - INFO - å‘å¸ƒæ—¶é—´ï¼š2021-03-23
2021-06-11 22:11:07,822 - INFO - å‘å¸ƒå·¥å…·ï¼šiPhoneå®¢æˆ·ç«¯
2021-06-11 22:11:07,823 - INFO - ç‚¹èµæ•°ï¼š1
2021-06-11 22:11:07,823 - INFO - è¯„è®ºæ•°ï¼š1
2021-06-11 22:11:07,823 - INFO - è½¬å‘æ•°ï¼š0
2021-06-11 22:11:07,823 - INFO - è¯é¢˜ï¼š
2021-06-11 22:11:07,823 - INFO - @ç”¨æˆ·ï¼š
2021-06-11 22:11:07,823 - INFO - urlï¼šhttps://m.weibo.cn/detail/4617930941139045
2021-06-11 22:11:07,824 - INFO - ------------------------------------------------------------------------------------------------------------------------
2021-06-11 22:11:07,824 - INFO - ------------------------------å·²è·å–å°é‚“ä»Šå¤©å¿«ä¹å˜›(5631052730)çš„ç¬¬1é¡µå¾®åš------------------------------
2021-06-11 22:11:18,840 - INFO - å¾®åšidï¼š4617269739259260
2021-06-11 22:11:18,840 - INFO - å¾®åšæ­£æ–‡ï¼šğŸ¤åšä¸€é˜µé£å§ æœ‰æ¸©æŸ”ä¹Ÿæœ‰è‹±å‹‡ğŸ¤ å¼ å®¶å£Â·å¼ åŒ—å¿ 
2021-06-11 22:11:18,841 - INFO - åŸå§‹å›¾ç‰‡urlï¼šhttps://wx1.sinaimg.cn/large/00695k38ly1gorqzjkez3j31o01o0b29.jpg,https://wx2.sinaimg.cn/large/00695k38ly1gorqzk792zj31o01o07wh.jpg,https://wx1.sinaimg.cn/large/00695k38ly1gorqzj2sjij31o01o04qp.jpg
2021-06-11 22:11:18,841 - INFO - å¾®åšä½ç½®ï¼šå¼ å®¶å£Â·å¼ åŒ—å¿
2021-06-11 22:11:18,841 - INFO - å‘å¸ƒæ—¶é—´ï¼š2021-03-21
2021-06-11 22:11:18,842 - INFO - å‘å¸ƒå·¥å…·ï¼šiPhoneå®¢æˆ·ç«¯
2021-06-11 22:11:18,842 - INFO - ç‚¹èµæ•°ï¼š6
2021-06-11 22:11:18,842 - INFO - è¯„è®ºæ•°ï¼š2
2021-06-11 22:11:18,842 - INFO - è½¬å‘æ•°ï¼š0
2021-06-11 22:11:18,842 - INFO - è¯é¢˜ï¼š
2021-06-11 22:11:18,842 - INFO - @ç”¨æˆ·ï¼š
2021-06-11 22:11:18,842 - INFO - urlï¼šhttps://m.weibo.cn/detail/4617269739259260
2021-06-11 22:11:18,843 - INFO - ------------------------------------------------------------------------------------------------------------------------
2021-06-11 22:11:18,843 - INFO - å¾®åšidï¼š4610412651220460
2021-06-11 22:11:18,844 - INFO - å¾®åšæ­£æ–‡ï¼šHey ğŸ‘‹ğŸ» March å¼ å®¶å£Â·å¼ åŒ—å¿ 
2021-06-11 22:11:18,844 - INFO - åŸå§‹å›¾ç‰‡urlï¼šhttps://wx4.sinaimg.cn/large/00695k38ly1go5vn6fru3j30u00u0qdq.jpg,https://wx3.sinaimg.cn/large/00695k38ly1go5vn83o07j30u00u0wvp.jpg,https://wx3.sinaimg.cn/large/00695k38ly1go5vn98odhj30u00u0k4z.jpg,https://wx4.sinaimg.cn/large/00695k38ly1go5vn9w9pcj30u00u0wov.jpg,https://wx4.sinaimg.cn/large/00695k38ly1go5vnb0lk5j30u00u0wr1.jpg,https://wx4.sinaimg.cn/large/00695k38ly1go5vn5o9kdj30u00u07l9.jpg,https://wx3.sinaimg.cn/large/00695k38ly1go5vnboil4j30u00u0gyd.jpg,https://wx2.sinaimg.cn/large/00695k38ly1go5vnc0gpvj30n00n077w.jpg,https://wx2.sinaimg.cn/large/00695k38ly1go5vncdcbyj30rs0rsgr4.jpg
2021-06-11 22:11:18,846 - INFO - å¾®åšä½ç½®ï¼šå¼ å®¶å£Â·å¼ åŒ—å¿
2021-06-11 22:11:18,846 - INFO - å‘å¸ƒæ—¶é—´ï¼š2021-03-02
2021-06-11 22:11:18,846 - INFO - å‘å¸ƒå·¥å…·ï¼šiPhoneå®¢æˆ·ç«¯
2021-06-11 22:11:18,847 - INFO - ç‚¹èµæ•°ï¼š5
2021-06-11 22:11:18,847 - INFO - è¯„è®ºæ•°ï¼š1
2021-06-11 22:11:18,847 - INFO - è½¬å‘æ•°ï¼š0
2021-06-11 22:11:18,847 - INFO - è¯é¢˜ï¼š
2021-06-11 22:11:18,847 - INFO - @ç”¨æˆ·ï¼š
2021-06-11 22:11:18,847 - INFO - urlï¼šhttps://m.weibo.cn/detail/4610412651220460
2021-06-11 22:11:18,847 - INFO - ------------------------------------------------------------------------------------------------------------------------
2021-06-11 22:11:18,848 - INFO - å¾®åšidï¼š4608169933015327
2021-06-11 22:11:18,848 - INFO - å¾®åšæ­£æ–‡ï¼šå¿™ç€æ‘”è·¤ğŸ¿å¿™ç€å¿«ä¹â›·ï¸æ²¡æœ‰ç©ºæƒ³æ–‡æ¡ˆğŸˆšï¸æ²¡æœ‰å¥½çœ‹çš„æ»‘é›ªç…§ğŸ“·è¿˜æœ‰æˆ‘å¥½æƒ³å­¦å•æ¿é¸­ å¥½å¸… å¼ å®¶å£Â·ä¸‡é¾™æ»‘é›ªåœº 
2021-06-11 22:11:18,848 - INFO - åŸå§‹å›¾ç‰‡urlï¼šhttps://wx2.sinaimg.cn/large/00695k38ly1gnyq1klhfuj31400u04cd.jpg,https://wx2.sinaimg.cn/large/00695k38ly1gnyq1kyapzj31400u0k2l.jpg,https://wx1.sinaimg.cn/large/00695k38ly1gnyq1lk1r8j31400u0dtx.jpg,https://wx1.sinaimg.cn/large/00695k38ly1gnyq1m2zdgj30u014xtle.jpg
2021-06-11 22:11:18,849 - INFO - å¾®åšä½ç½®ï¼šå¼ å®¶å£Â·ä¸‡é¾™æ»‘é›ªåœº
2021-06-11 22:11:18,849 - INFO - å‘å¸ƒæ—¶é—´ï¼š2021-02-24
2021-06-11 22:11:18,849 - INFO - å‘å¸ƒå·¥å…·ï¼šiPhoneå®¢æˆ·ç«¯
2021-06-11 22:11:18,849 - INFO - ç‚¹èµæ•°ï¼š10
2021-06-11 22:11:18,849 - INFO - è¯„è®ºæ•°ï¼š1
2021-06-11 22:11:18,849 - INFO - è½¬å‘æ•°ï¼š0
2021-06-11 22:11:18,850 - INFO - è¯é¢˜ï¼š
2021-06-11 22:11:18,850 - INFO - @ç”¨æˆ·ï¼š
2021-06-11 22:11:18,850 - INFO - urlï¼šhttps://m.weibo.cn/detail/4608169933015327
2021-06-11 22:11:18,850 - INFO - ------------------------------------------------------------------------------------------------------------------------
2021-06-11 22:11:18,851 - INFO - å¾®åšidï¼š4604936518896347
2021-06-11 22:11:18,851 - INFO - å¾®åšæ­£æ–‡ï¼šä»Šå¤©è¢«å°æœ‹å‹å–œæ¬¢äº† çœŸçš„è¶…çº§å¼€å¿ƒ å¼ å®¶å£Â·å¼ åŒ—å¿ 
2021-06-11 22:11:18,851 - INFO - åŸå§‹å›¾ç‰‡urlï¼šhttps://wx1.sinaimg.cn/large/00695k38ly1gnoeq38x63j30jm0fkdgt.jpg
2021-06-11 22:11:18,851 - INFO - å¾®åšä½ç½®ï¼šå¼ å®¶å£Â·å¼ åŒ—å¿
2021-06-11 22:11:18,851 - INFO - å‘å¸ƒæ—¶é—´ï¼š2021-02-15
2021-06-11 22:11:18,852 - INFO - å‘å¸ƒå·¥å…·ï¼šiPhoneå®¢æˆ·ç«¯
2021-06-11 22:11:18,852 - INFO - ç‚¹èµæ•°ï¼š6
2021-06-11 22:11:18,852 - INFO - è¯„è®ºæ•°ï¼š2
2021-06-11 22:11:18,852 - INFO - è½¬å‘æ•°ï¼š0
2021-06-11 22:11:18,852 - INFO - è¯é¢˜ï¼š
2021-06-11 22:11:18,852 - INFO - @ç”¨æˆ·ï¼š
2021-06-11 22:11:18,852 - INFO - urlï¼šhttps://m.weibo.cn/detail/4604936518896347
2021-06-11 22:11:18,853 - INFO - ------------------------------------------------------------------------------------------------------------------------
2021-06-11 22:11:21,738 - INFO - å¾®åšidï¼š4601615959201470
2021-06-11 22:11:21,739 - INFO - å¾®åšæ­£æ–‡ï¼šRound 1æˆ‘çˆ¸ï¼šé—ºå¥³ ç‚’é¸¡è›‹è¦æ”¾è‘±å˜›ï¼Ÿæˆ‘ï¼šæ”¾å§æˆ‘çˆ¸ï¼šå®¶é‡Œæ²¡è‘±äº†æˆ‘ï¼šé‚£ä½ é—®æˆ‘å¹²å˜›ï¼Ÿæˆ‘çˆ¸ï¼šèµ°ä¸ªæµç¨‹Round 2æˆ‘çˆ¸ï¼šæˆ‘æ„Ÿè§‰ä½ èººåœ¨åºŠä¸Šä¹ŸæŒºé«˜çš„å˜›æˆ‘ï¼šæˆ‘ç«™èµ·æ¥å‘¢ï¼Ÿæˆ‘çˆ¸ï¼šå·®ç‚¹æ„æ€æˆ‘ï¼šï¼Ÿï¼Ÿï¼ŸRound 3æˆ‘ï¼šçˆ¸ ä½ çœ‹æˆ‘ä»Šå¤©ç”»çš„å¦†å¥½çœ‹å˜›æˆ‘çˆ¸ï¼šè¿˜è¡Œ æ²¡æœ‰ä¸çæŠ¹å¥½çœ‹æˆ‘ï¼šRound 4ä»€ä¹ˆæ¶ˆé˜²åŸ¹è®­æ¨é”€äººå‘˜ç»™æˆ‘çˆ¸æ‰“ç”µè¯é—®å®¶é‡Œæœ‰æ²¡æœ‰å°å­©æœ‰æ„æ„¿æˆ‘çˆ¸ï¼šæ²¡å­©å­æˆ‘ï¼šæˆ‘å“ªé‡Œæ¥çš„ï¼Ÿï¼Ÿï¼Ÿ å¼ å®¶å£
2021-06-11 22:11:21,739 - INFO - åŸå§‹å›¾ç‰‡urlï¼š
2021-06-11 22:11:21,739 - INFO - å¾®åšä½ç½®ï¼šå¼ å®¶å£
2021-06-11 22:11:21,740 - INFO - å‘å¸ƒæ—¶é—´ï¼š2021-02-06
2021-06-11 22:11:21,740 - INFO - å‘å¸ƒå·¥å…·ï¼šiPhoneå®¢æˆ·ç«¯
2021-06-11 22:11:21,740 - INFO - ç‚¹èµæ•°ï¼š6
2021-06-11 22:11:21,740 - INFO - è¯„è®ºæ•°ï¼š0
2021-06-11 22:11:21,740 - INFO - è½¬å‘æ•°ï¼š0
2021-06-11 22:11:21,741 - INFO - è¯é¢˜ï¼š
2021-06-11 22:11:21,741 - INFO - @ç”¨æˆ·ï¼š
2021-06-11 22:11:21,741 - INFO - urlï¼šhttps://m.weibo.cn/detail/4601615959201470
2021-06-11 22:11:21,741 - INFO - ------------------------------------------------------------------------------------------------------------------------
2021-06-11 22:11:21,742 - INFO - å¾®åšidï¼š4600479780182428
2021-06-11 22:11:21,742 - INFO - å¾®åšæ­£æ–‡ï¼šå¸Œæœ›ä½ æ¯æ¬¡å›å¤´çœ‹è‡ªå·±éƒ½è§‰å¾—ä¸ä¸€æ · 
2021-06-11 22:11:21,742 - INFO - åŸå§‹å›¾ç‰‡urlï¼šhttps://wx3.sinaimg.cn/large/00695k38ly1gna6uoxbsvj30u00u07h6.jpg,https://wx2.sinaimg.cn/large/00695k38ly1gna6ur9u9xj31o01o0kjl.jpg,https://wx4.sinaimg.cn/large/00695k38ly1gna6ustmbkj31o01o01kx.jpg,https://wx1.sinaimg.cn/large/00695k38ly1gna6uu39vqj30n00n0jtq.jpg,https://wx3.sinaimg.cn/large/00695k38ly1gna6uuvrpij317x17x4f4.jpg,https://wx3.sinaimg.cn/large/00695k38ly1gna6uwalkoj31o01o0e81.jpg,https://wx2.sinaimg.cn/large/00695k38ly1gna6uwsk90j30n00n0qam.jpg,https://wx3.sinaimg.cn/large/00695k38ly1gna6v061unj32bb2bbu0x.jpg,https://wx4.sinaimg.cn/large/00695k38ly1gna6v14usqj30n00n0akx.jpg
2021-06-11 22:11:21,743 - INFO - å¾®åšä½ç½®ï¼š
2021-06-11 22:11:21,743 - INFO - å‘å¸ƒæ—¶é—´ï¼š2021-02-03
2021-06-11 22:11:21,743 - INFO - å‘å¸ƒå·¥å…·ï¼šiPhoneå®¢æˆ·ç«¯
2021-06-11 22:11:21,743 - INFO - ç‚¹èµæ•°ï¼š12
2021-06-11 22:11:21,743 - INFO - è¯„è®ºæ•°ï¼š3
2021-06-11 22:11:21,743 - INFO - è½¬å‘æ•°ï¼š0
2021-06-11 22:11:21,744 - INFO - è¯é¢˜ï¼š
2021-06-11 22:11:21,744 - INFO - @ç”¨æˆ·ï¼š
2021-06-11 22:11:21,744 - INFO - urlï¼šhttps://m.weibo.cn/detail/4600479780182428
2021-06-11 22:11:21,744 - INFO - ------------------------------------------------------------------------------------------------------------------------
2021-06-11 22:11:21,745 - INFO - å¾®åšidï¼š4597673493529926
2021-06-11 22:11:21,745 - INFO - å¾®åšæ­£æ–‡ï¼šä»Šå¤©åˆšæ”¶åˆ°ä¸€ä¸ªæ–°çš„çœ¼å½±ç›˜ å°±æ‘”ç¢äº†å¦å¤–ä¸¤ä¸ªç›˜ä½ çŒœæˆ‘æ˜¯ä¸æ˜¯æ•…æ„çš„ å¼ å®¶å£Â·å¼ åŒ—å¿ 
2021-06-11 22:11:21,750 - INFO - åŸå§‹å›¾ç‰‡urlï¼š
2021-06-11 22:11:21,750 - INFO - å¾®åšä½ç½®ï¼šå¼ å®¶å£Â·å¼ åŒ—å¿
2021-06-11 22:11:21,750 - INFO - å‘å¸ƒæ—¶é—´ï¼š2021-01-26
2021-06-11 22:11:21,750 - INFO - å‘å¸ƒå·¥å…·ï¼šiPhoneå®¢æˆ·ç«¯
2021-06-11 22:11:21,750 - INFO - ç‚¹èµæ•°ï¼š2
2021-06-11 22:11:21,751 - INFO - è¯„è®ºæ•°ï¼š0
2021-06-11 22:11:21,751 - INFO - è½¬å‘æ•°ï¼š0
2021-06-11 22:11:21,751 - INFO - è¯é¢˜ï¼š
2021-06-11 22:11:21,751 - INFO - @ç”¨æˆ·ï¼š
2021-06-11 22:11:21,751 - INFO - urlï¼šhttps://m.weibo.cn/detail/4597673493529926
2021-06-11 22:11:21,752 - INFO - ------------------------------------------------------------------------------------------------------------------------
2021-06-11 22:11:21,752 - INFO - å¾®åšidï¼š4596993886782127
2021-06-11 22:11:21,752 - INFO - å¾®åšæ­£æ–‡ï¼šä»Šå¤©å¤©æ°”çœŸå¥½ æˆ‘èƒ½ç©¿æˆ‘å¾ˆå–œæ¬¢çš„å¤§è¡£å‡ºé—¨äº†ğŸ’›ğŸ’›ä¿®çœ‰çš„æ—¶å€™æŠŠæ‰‹åˆ’äº†ä¸ªå¥½å¤§çš„å£å­ è¡€è¿˜éƒ½æŠ¹åœ¨äº†è„¸ä¸Š è¿˜è®¤çœŸæ‰¾å“ªä¸ªå”‡é‡‰æ¼äº† çŒœäº†åŠå¤©è‰²å·æ¥ç€æœ€è¿‘ä¸€ç›´åœ¨æ”¶æ‹¾æ—§ç‰© å‘ç°å®‰é™ä¸‹æ¥ä¸€ä¸ªäººæ•´ç†ä¸œè¥¿çš„æ„Ÿè§‰ä¹Ÿç‰¹åˆ«å¥½  æœ€å æˆ‘å¥½åƒgetåˆ°é•œé¢å”‡é‡‰çš„ç¾äº†ğŸ‘‡ğŸ» å¼ å®¶å£ 
2021-06-11 22:11:21,753 - INFO - åŸå§‹å›¾ç‰‡urlï¼šhttps://wx4.sinaimg.cn/large/00695k38ly1gmz27bo2h2j30u00v1wnm.jpg
2021-06-11 22:11:21,753 - INFO - å¾®åšä½ç½®ï¼šå¼ å®¶å£
2021-06-11 22:11:21,753 - INFO - å‘å¸ƒæ—¶é—´ï¼š2021-01-24
2021-06-11 22:11:21,753 - INFO - å‘å¸ƒå·¥å…·ï¼šiPhoneå®¢æˆ·ç«¯
2021-06-11 22:11:21,753 - INFO - ç‚¹èµæ•°ï¼š7
2021-06-11 22:11:21,754 - INFO - è¯„è®ºæ•°ï¼š3
2021-06-11 22:11:21,754 - INFO - è½¬å‘æ•°ï¼š0
2021-06-11 22:11:21,754 - INFO - è¯é¢˜ï¼š
2021-06-11 22:11:21,754 - INFO - @ç”¨æˆ·ï¼š
2021-06-11 22:11:21,754 - INFO - urlï¼šhttps://m.weibo.cn/detail/4596993886782127
2021-06-11 22:11:21,755 - INFO - ------------------------------------------------------------------------------------------------------------------------
2021-06-11 22:11:21,755 - INFO - å¾®åšidï¼š4596259069117672
2021-06-11 22:11:21,755 - INFO - å¾®åšæ­£æ–‡ï¼šä»¥åå­©å­ä¹‹é—´çš„æ”€æ¯” æ˜¯ä¸æ˜¯å¯ä»¥æ”¹æˆ ä½ è¢«å‘ç°æ—¶ä¸Šçƒ­æœäº†å˜› çˆ†äº†å˜› å¤šå°‘èµ å¼ å®¶å£ 
2021-06-11 22:11:21,756 - INFO - åŸå§‹å›¾ç‰‡urlï¼š
2021-06-11 22:11:21,756 - INFO - å¾®åšä½ç½®ï¼šå¼ å®¶å£
2021-06-11 22:11:21,756 - INFO - å‘å¸ƒæ—¶é—´ï¼š2021-01-22
2021-06-11 22:11:21,756 - INFO - å‘å¸ƒå·¥å…·ï¼šiPhoneå®¢æˆ·ç«¯
2021-06-11 22:11:21,756 - INFO - ç‚¹èµæ•°ï¼š4
2021-06-11 22:11:21,757 - INFO - è¯„è®ºæ•°ï¼š0
2021-06-11 22:11:21,757 - INFO - è½¬å‘æ•°ï¼š0
2021-06-11 22:11:21,757 - INFO - è¯é¢˜ï¼š
2021-06-11 22:11:21,757 - INFO - @ç”¨æˆ·ï¼š
2021-06-11 22:11:21,757 - INFO - urlï¼šhttps://m.weibo.cn/detail/4596259069117672
2021-06-11 22:11:21,757 - INFO - ------------------------------------------------------------------------------------------------------------------------
2021-06-11 22:11:21,758 - INFO - å¾®åšidï¼š4595226301434928
2021-06-11 22:11:21,758 - INFO - å¾®åšæ­£æ–‡ï¼šæˆ‘å‡ºæ¯äº† æˆ‘ä¸“ä¹°æä½³ç¦ä¸æ¨èçš„é¢œè‰² å¼ å®¶å£Â·å¼ åŒ—å¿ 
2021-06-11 22:11:21,758 - INFO - åŸå§‹å›¾ç‰‡urlï¼š
2021-06-11 22:11:21,759 - INFO - å¾®åšä½ç½®ï¼šå¼ å®¶å£Â·å¼ åŒ—å¿
2021-06-11 22:11:21,759 - INFO - å‘å¸ƒæ—¶é—´ï¼š2021-01-19
2021-06-11 22:11:21,759 - INFO - å‘å¸ƒå·¥å…·ï¼šiPhoneå®¢æˆ·ç«¯
2021-06-11 22:11:21,759 - INFO - ç‚¹èµæ•°ï¼š4
2021-06-11 22:11:21,760 - INFO - è¯„è®ºæ•°ï¼š3
2021-06-11 22:11:21,760 - INFO - è½¬å‘æ•°ï¼š0
2021-06-11 22:11:21,760 - INFO - è¯é¢˜ï¼š
2021-06-11 22:11:21,760 - INFO - @ç”¨æˆ·ï¼š
2021-06-11 22:11:21,760 - INFO - urlï¼šhttps://m.weibo.cn/detail/4595226301434928
2021-06-11 22:11:21,761 - INFO - ------------------------------------------------------------------------------------------------------------------------
2021-06-11 22:11:21,761 - INFO - ------------------------------å·²è·å–å°é‚“ä»Šå¤©å¿«ä¹å˜›(5631052730)çš„ç¬¬2é¡µå¾®åš------------------------------
2021-06-11 22:11:43,285 - INFO - å¾®åšidï¼š4594409770845672
2021-06-11 22:11:43,285 - INFO - å¾®åšæ­£æ–‡ï¼šä»Šå¤©æœ‰äº¿ç‚¹ä¸ä¸€æ ·ğŸ™ˆ å¼ å®¶å£ 
2021-06-11 22:11:43,285 - INFO - åŸå§‹å›¾ç‰‡urlï¼šhttps://wx3.sinaimg.cn/large/00695k38ly1gmqtqm0s0lj30n00vfak9.jpg,https://wx1.sinaimg.cn/large/00695k38ly1gmqtql3uvpj31k927db2a.jpg,https://wx1.sinaimg.cn/large/00695k38ly1gmqtqnwzjtj31o027iu0y.jpg,https://wx2.sinaimg.cn/large/00695k38ly1gmqtqoqlkjj312b1csayk.jpg
2021-06-11 22:11:43,286 - INFO - å¾®åšä½ç½®ï¼šå¼ å®¶å£
2021-06-11 22:11:43,286 - INFO - å‘å¸ƒæ—¶é—´ï¼š2021-01-17
2021-06-11 22:11:43,287 - INFO - å‘å¸ƒå·¥å…·ï¼šiPhoneå®¢æˆ·ç«¯
2021-06-11 22:11:43,287 - INFO - ç‚¹èµæ•°ï¼š7
2021-06-11 22:11:43,287 - INFO - è¯„è®ºæ•°ï¼š5
2021-06-11 22:11:43,287 - INFO - è½¬å‘æ•°ï¼š0
2021-06-11 22:11:43,287 - INFO - è¯é¢˜ï¼š
2021-06-11 22:11:43,288 - INFO - @ç”¨æˆ·ï¼š
2021-06-11 22:11:43,288 - INFO - urlï¼šhttps://m.weibo.cn/detail/4594409770845672
2021-06-11 22:11:43,288 - INFO - ------------------------------------------------------------------------------------------------------------------------
2021-06-11 22:11:43,289 - INFO - å¾®åšidï¼š4592930452939673
2021-06-11 22:11:43,289 - INFO - å¾®åšæ­£æ–‡ï¼šå¥½åƒè¢«ç‚¹äº†ç¡çœ ç©´ å¼ å®¶å£Â·å¼ åŒ—å¿ 
2021-06-11 22:11:43,289 - INFO - åŸå§‹å›¾ç‰‡urlï¼š
2021-06-11 22:11:43,289 - INFO - å¾®åšä½ç½®ï¼šå¼ å®¶å£Â·å¼ åŒ—å¿
2021-06-11 22:11:43,290 - INFO - å‘å¸ƒæ—¶é—´ï¼š2021-01-13
2021-06-11 22:11:43,290 - INFO - å‘å¸ƒå·¥å…·ï¼šiPhoneå®¢æˆ·ç«¯
2021-06-11 22:11:43,290 - INFO - ç‚¹èµæ•°ï¼š3
2021-06-11 22:11:43,290 - INFO - è¯„è®ºæ•°ï¼š0
2021-06-11 22:11:43,290 - INFO - è½¬å‘æ•°ï¼š0
2021-06-11 22:11:43,290 - INFO - è¯é¢˜ï¼š
2021-06-11 22:11:43,291 - INFO - @ç”¨æˆ·ï¼š
2021-06-11 22:11:43,291 - INFO - urlï¼šhttps://m.weibo.cn/detail/4592930452939673
2021-06-11 22:11:43,291 - INFO - ------------------------------------------------------------------------------------------------------------------------
2021-06-11 22:11:43,292 - INFO - å¾®åšidï¼š4591944246501408
2021-06-11 22:11:43,292 - INFO - å¾®åšæ­£æ–‡ï¼šæˆ‘çœŸçš„å¤ªå¤ªå–œæ¬¢æ¸…çˆ½åˆçœŸè¯šçš„äººäº† å¼ å®¶å£ 
2021-06-11 22:11:43,292 - INFO - åŸå§‹å›¾ç‰‡urlï¼šhttps://wx4.sinaimg.cn/large/00695k38ly1gmiykbizyej30u00u07dx.jpg,https://wx3.sinaimg.cn/large/00695k38ly1gmiykdi57zj30u00u0dqg.jpg,https://wx1.sinaimg.cn/large/00695k38ly1gmiykehox5j30mh0mrn37.jpg,https://wx1.sinaimg.cn/large/00695k38ly1gmiyk9z0e1j30u00u07f9.jpg
2021-06-11 22:11:43,293 - INFO - å¾®åšä½ç½®ï¼šå¼ å®¶å£
2021-06-11 22:11:43,293 - INFO - å‘å¸ƒæ—¶é—´ï¼š2021-01-10
2021-06-11 22:11:43,293 - INFO - å‘å¸ƒå·¥å…·ï¼šiPhoneå®¢æˆ·ç«¯
2021-06-11 22:11:43,293 - INFO - ç‚¹èµæ•°ï¼š9
2021-06-11 22:11:43,293 - INFO - è¯„è®ºæ•°ï¼š5
2021-06-11 22:11:43,294 - INFO - è½¬å‘æ•°ï¼š0
2021-06-11 22:11:43,294 - INFO - è¯é¢˜ï¼š
2021-06-11 22:11:43,294 - INFO - @ç”¨æˆ·ï¼š
2021-06-11 22:11:43,294 - INFO - urlï¼šhttps://m.weibo.cn/detail/4591944246501408
2021-06-11 22:11:43,294 - INFO - ------------------------------------------------------------------------------------------------------------------------
2021-06-11 22:11:43,295 - INFO - å¾®åšidï¼š4589012436126488
2021-06-11 22:11:43,295 - INFO - å¾®åšæ­£æ–‡ï¼šæ‰€ä»¥ä»€ä¹ˆæ—¶å€™æµè¡Œåœ†è„¸å‘ï½ å¼ å®¶å£ 
2021-06-11 22:11:43,295 - INFO - åŸå§‹å›¾ç‰‡urlï¼šhttps://wx3.sinaimg.cn/large/00695k38ly1gm9lvzhgeej31o01901kx.jpg,https://wx4.sinaimg.cn/large/00695k38ly1gm9lw07wb1j31o0190h8z.jpg,https://wx2.sinaimg.cn/large/00695k38ly1gm9lvy6m5qj31o0190e43.jpg
2021-06-11 22:11:43,296 - INFO - å¾®åšä½ç½®ï¼šå¼ å®¶å£
2021-06-11 22:11:43,296 - INFO - å‘å¸ƒæ—¶é—´ï¼š2021-01-02
2021-06-11 22:11:43,296 - INFO - å‘å¸ƒå·¥å…·ï¼šiPhoneå®¢æˆ·ç«¯
2021-06-11 22:11:43,296 - INFO - ç‚¹èµæ•°ï¼š9
2021-06-11 22:11:43,296 - INFO - è¯„è®ºæ•°ï¼š1
2021-06-11 22:11:43,296 - INFO - è½¬å‘æ•°ï¼š0
2021-06-11 22:11:43,296 - INFO - è¯é¢˜ï¼š
2021-06-11 22:11:43,297 - INFO - @ç”¨æˆ·ï¼š
2021-06-11 22:11:43,297 - INFO - urlï¼šhttps://m.weibo.cn/detail/4589012436126488
2021-06-11 22:11:43,297 - INFO - ------------------------------------------------------------------------------------------------------------------------
2021-06-11 22:11:43,298 - INFO - å¾®åšidï¼š4587233250385585
2021-06-11 22:11:43,298 - INFO - å¾®åšæ­£æ–‡ï¼šä¸­å›½äººå’Œç¾å›¾çš„æ··è¡€å„¿å¹³å¹³æ— å¥‡æ€¼è„¸æ‹å°å¤©æ‰ï½ å¼ å®¶å£ 
2021-06-11 22:11:43,298 - INFO - åŸå§‹å›¾ç‰‡urlï¼šhttps://wx3.sinaimg.cn/large/00695k38ly1gm3xism0cnj30u0140n77.jpg,https://wx4.sinaimg.cn/large/00695k38ly1gm3xithjl6j30vd0u0th7.jpg,https://wx4.sinaimg.cn/large/00695k38ly1gm3xiu08fxj30u0140489.jpg,https://wx4.sinaimg.cn/large/00695k38ly1gm3xiur1swj31400u014u.jpg
2021-06-11 22:11:43,298 - INFO - å¾®åšä½ç½®ï¼šå¼ å®¶å£
2021-06-11 22:11:43,298 - INFO - å‘å¸ƒæ—¶é—´ï¼š2020-12-28
2021-06-11 22:11:43,298 - INFO - å‘å¸ƒå·¥å…·ï¼šiPhoneå®¢æˆ·ç«¯
2021-06-11 22:11:43,299 - INFO - ç‚¹èµæ•°ï¼š7
2021-06-11 22:11:43,299 - INFO - è¯„è®ºæ•°ï¼š1
2021-06-11 22:11:43,299 - INFO - è½¬å‘æ•°ï¼š0
2021-06-11 22:11:43,299 - INFO - è¯é¢˜ï¼š
2021-06-11 22:11:43,299 - INFO - @ç”¨æˆ·ï¼š
2021-06-11 22:11:43,299 - INFO - urlï¼šhttps://m.weibo.cn/detail/4587233250385585
2021-06-11 22:11:43,299 - INFO - ------------------------------------------------------------------------------------------------------------------------
2021-06-11 22:11:43,300 - INFO - å¾®åšidï¼š4586457233362624
2021-06-11 22:11:43,300 - INFO - å¾®åšæ­£æ–‡ï¼šä»Šå¤©æ˜¯å®‡å®™æ— æ•Œçˆ†ç‚¸å°å§”å±ˆ ä¿å®šÂ·ä¿å®šç«™ 
2021-06-11 22:11:43,300 - INFO - åŸå§‹å›¾ç‰‡urlï¼š
2021-06-11 22:11:43,301 - INFO - å¾®åšä½ç½®ï¼šä¿å®šÂ·ä¿å®šç«™
2021-06-11 22:11:43,301 - INFO - å‘å¸ƒæ—¶é—´ï¼š2020-12-26
2021-06-11 22:11:43,301 - INFO - å‘å¸ƒå·¥å…·ï¼šiPhoneå®¢æˆ·ç«¯
2021-06-11 22:11:43,301 - INFO - ç‚¹èµæ•°ï¼š2
2021-06-11 22:11:43,301 - INFO - è¯„è®ºæ•°ï¼š0
2021-06-11 22:11:43,301 - INFO - è½¬å‘æ•°ï¼š0
2021-06-11 22:11:43,301 - INFO - è¯é¢˜ï¼š
2021-06-11 22:11:43,302 - INFO - @ç”¨æˆ·ï¼š
2021-06-11 22:11:43,302 - INFO - urlï¼šhttps://m.weibo.cn/detail/4586457233362624
2021-06-11 22:11:43,302 - INFO - ------------------------------------------------------------------------------------------------------------------------
2021-06-11 22:11:43,303 - INFO - å¾®åšidï¼š4582416892563832
2021-06-11 22:11:43,303 - INFO - å¾®åšæ­£æ–‡ï¼šä»Šå¤©è¶…å°‘å¥³ğŸŒ¸ ä¿å®šÂ·ç°ä»£ç§‘æŠ€å­¦é™¢ 
2021-06-11 22:11:43,303 - INFO - åŸå§‹å›¾ç‰‡urlï¼šhttps://wx1.sinaimg.cn/large/00695k38ly1glokf17mfej31o0280e81.jpg,https://wx2.sinaimg.cn/large/00695k38ly1glokf1x3fuj31o0280hdt.jpg,https://wx2.sinaimg.cn/large/00695k38ly1glokf2elgtj31o0280hdt.jpg,https://wx1.sinaimg.cn/large/00695k38ly1glokf2x565j31o0280e81.jpg,https://wx4.sinaimg.cn/large/00695k38ly1glokf3hn2ij31m2246b1m.jpg,https://wx3.sinaimg.cn/large/00695k38ly1glokf4car0j31o0280e81.jpg,https://wx1.sinaimg.cn/large/00695k38ly1glokf4ts7qj31o0280kjl.jpg,https://wx3.sinaimg.cn/large/00695k38ly1glokf0e4i0j31o0280hdt.jpg,https://wx4.sinaimg.cn/large/00695k38ly1glokf64w0xj31o0280qv5.jpg
2021-06-11 22:11:43,303 - INFO - å¾®åšä½ç½®ï¼šä¿å®šÂ·ç°ä»£ç§‘æŠ€å­¦é™¢
2021-06-11 22:11:43,303 - INFO - å‘å¸ƒæ—¶é—´ï¼š2020-12-15
2021-06-11 22:11:43,304 - INFO - å‘å¸ƒå·¥å…·ï¼šiPhoneå®¢æˆ·ç«¯
2021-06-11 22:11:43,304 - INFO - ç‚¹èµæ•°ï¼š16
2021-06-11 22:11:43,304 - INFO - è¯„è®ºæ•°ï¼š12
2021-06-11 22:11:43,304 - INFO - è½¬å‘æ•°ï¼š0
2021-06-11 22:11:43,304 - INFO - è¯é¢˜ï¼š
2021-06-11 22:11:43,304 - INFO - @ç”¨æˆ·ï¼š
2021-06-11 22:11:43,304 - INFO - urlï¼šhttps://m.weibo.cn/detail/4582416892563832
2021-06-11 22:11:43,305 - INFO - ------------------------------------------------------------------------------------------------------------------------
2021-06-11 22:11:43,305 - INFO - ------------------------------å·²è·å–å°é‚“ä»Šå¤©å¿«ä¹å˜›(5631052730)çš„ç¬¬3é¡µå¾®åš------------------------------
2021-06-11 22:11:43,886 - INFO - 27æ¡å¾®åšå†™å…¥csvæ–‡ä»¶å®Œæ¯•,ä¿å­˜è·¯å¾„:
2021-06-11 22:11:43,886 - INFO - D:\project\weibo-crawler\weibo\å°é‚“ä»Šå¤©å¿«ä¹å˜›\5631052730.csv
2021-06-11 22:11:43,886 - INFO - å³å°†è¿›è¡ŒåŸåˆ›å¾®åšå›¾ç‰‡ä¸‹è½½
2021-06-11 22:13:23,529 - ERROR - HTTPSConnectionPool(host='wx4.sinaimg.cn', port=443): Read timed out.
Traceback (most recent call last):
  File "C:\Users\liuch\anaconda3\lib\site-packages\urllib3\contrib\pyopenssl.py", line 313, in recv_into
    return self.connection.recv_into(*args, **kwargs)
  File "C:\Users\liuch\anaconda3\lib\site-packages\OpenSSL\SSL.py", line 1840, in recv_into
    self._raise_ssl_error(self._ssl, result)
  File "C:\Users\liuch\anaconda3\lib\site-packages\OpenSSL\SSL.py", line 1646, in _raise_ssl_error
    raise WantReadError()
OpenSSL.SSL.WantReadError

During handling of the above exception, another exception occurred:

Traceback (most recent call last):
  File "C:\Users\liuch\anaconda3\lib\site-packages\urllib3\response.py", line 436, in _error_catcher
    yield
  File "C:\Users\liuch\anaconda3\lib\site-packages\urllib3\response.py", line 518, in read
    data = self._fp.read(amt) if not fp_closed else b""
  File "C:\Users\liuch\anaconda3\lib\http\client.py", line 458, in read
    n = self.readinto(b)
  File "C:\Users\liuch\anaconda3\lib\http\client.py", line 502, in readinto
    n = self.fp.readinto(b)
  File "C:\Users\liuch\anaconda3\lib\socket.py", line 669, in readinto
    return self._sock.recv_into(b)
  File "C:\Users\liuch\anaconda3\lib\site-packages\urllib3\contrib\pyopenssl.py", line 326, in recv_into
    raise timeout("The read operation timed out")
socket.timeout: The read operation timed out

During handling of the above exception, another exception occurred:

Traceback (most recent call last):
  File "C:\Users\liuch\anaconda3\lib\site-packages\requests\models.py", line 750, in generate
    for chunk in self.raw.stream(chunk_size, decode_content=True):
  File "C:\Users\liuch\anaconda3\lib\site-packages\urllib3\response.py", line 575, in stream
    data = self.read(amt=amt, decode_content=decode_content)
  File "C:\Users\liuch\anaconda3\lib\site-packages\urllib3\response.py", line 540, in read
    raise IncompleteRead(self._fp_bytes_read, self.length_remaining)
  File "C:\Users\liuch\anaconda3\lib\contextlib.py", line 131, in __exit__
    self.gen.throw(type, value, traceback)
  File "C:\Users\liuch\anaconda3\lib\site-packages\urllib3\response.py", line 441, in _error_catcher
    raise ReadTimeoutError(self._pool, None, "Read timed out.")
urllib3.exceptions.ReadTimeoutError: HTTPSConnectionPool(host='wx4.sinaimg.cn', port=443): Read timed out.

During handling of the above exception, another exception occurred:

Traceback (most recent call last):
  File "weibo.py", line 375, in download_one_file
    downloaded = s.get(url,
  File "C:\Users\liuch\anaconda3\lib\site-packages\requests\sessions.py", line 546, in get
    return self.request('GET', url, **kwargs)
  File "C:\Users\liuch\anaconda3\lib\site-packages\requests\sessions.py", line 533, in request
    resp = self.send(prep, **send_kwargs)
  File "C:\Users\liuch\anaconda3\lib\site-packages\requests\sessions.py", line 686, in send
    r.content
  File "C:\Users\liuch\anaconda3\lib\site-packages\requests\models.py", line 828, in content
    self._content = b''.join(self.iter_content(CONTENT_CHUNK_SIZE)) or b''
  File "C:\Users\liuch\anaconda3\lib\site-packages\requests\models.py", line 757, in generate
    raise ConnectionError(e)
requests.exceptions.ConnectionError: HTTPSConnectionPool(host='wx4.sinaimg.cn', port=443): Read timed out.
