2021-06-11 22:10:57,595 - INFO - ++++++++++++++++++++++++++++++++++++++++++++++++++++++++++++++++++++++++++++++++++++++++++++++++++++
2021-06-11 22:10:57,597 - INFO - 用户信息
2021-06-11 22:10:57,597 - ERROR - 'id'
Traceback (most recent call last):
  File "weibo.py", line 1079, in get_pages
    self.print_user_info()
  File "weibo.py", line 590, in print_user_info
    logger.info(u'用户id：%s', self.user['id'])
KeyError: 'id'
2021-06-11 22:10:57,599 - INFO - 信息抓取完毕
2021-06-11 22:10:57,599 - INFO - ****************************************************************************************************
2021-06-11 22:11:07,147 - INFO - 小邓今天快乐嘛 信息写入csv文件完毕，保存路径:
2021-06-11 22:11:07,147 - INFO - D:\project\weibo-crawler\weibo\users.csv
2021-06-11 22:11:07,147 - INFO - ++++++++++++++++++++++++++++++++++++++++++++++++++++++++++++++++++++++++++++++++++++++++++++++++++++
2021-06-11 22:11:07,150 - INFO - 用户信息
2021-06-11 22:11:07,150 - INFO - 用户id：5631052730
2021-06-11 22:11:07,150 - INFO - 用户昵称：小邓今天快乐嘛
2021-06-11 22:11:07,150 - INFO - 性别：女
2021-06-11 22:11:07,151 - INFO - 生日：
2021-06-11 22:11:07,151 - INFO - 所在地：
2021-06-11 22:11:07,151 - INFO - 教育经历：
2021-06-11 22:11:07,151 - INFO - 公司：
2021-06-11 22:11:07,151 - INFO - 阳光信用：
2021-06-11 22:11:07,151 - INFO - 注册时间：
2021-06-11 22:11:07,152 - INFO - 微博数：39
2021-06-11 22:11:07,152 - INFO - 粉丝数：57
2021-06-11 22:11:07,152 - INFO - 关注数：59
2021-06-11 22:11:07,152 - INFO - url：https://m.weibo.cn/profile/5631052730
2021-06-11 22:11:07,152 - INFO - 越是索取 越是贫瘠
2021-06-11 22:11:07,153 - INFO - ++++++++++++++++++++++++++++++++++++++++++++++++++++++++++++++++++++++++++++++++++++++++++++++++++++
2021-06-11 22:11:07,797 - INFO - 微博id：4640827273909329
2021-06-11 22:11:07,797 - INFO - 微博正文：🌲 保定·河北农大西校区 
2021-06-11 22:11:07,797 - INFO - 原始图片url：https://wx1.sinaimg.cn/large/00695k38ly1gquwcnb0m0j30u0140nb2.jpg,https://wx4.sinaimg.cn/large/00695k38ly1gquwcm7lxlj30u0140gyf.jpg,https://wx2.sinaimg.cn/large/00695k38ly1gquwcnvqcoj30u01407hz.jpg
2021-06-11 22:11:07,798 - INFO - 微博位置：保定·河北农大西校区
2021-06-11 22:11:07,798 - INFO - 发布时间：2021-05-25
2021-06-11 22:11:07,798 - INFO - 发布工具：iPhone客户端
2021-06-11 22:11:07,798 - INFO - 点赞数：6
2021-06-11 22:11:07,799 - INFO - 评论数：2
2021-06-11 22:11:07,799 - INFO - 转发数：0
2021-06-11 22:11:07,799 - INFO - 话题：
2021-06-11 22:11:07,799 - INFO - @用户：
2021-06-11 22:11:07,799 - INFO - url：https://m.weibo.cn/detail/4640827273909329
2021-06-11 22:11:07,800 - INFO - ------------------------------------------------------------------------------------------------------------------------
2021-06-11 22:11:07,800 - INFO - 微博id：4640446955394237
2021-06-11 22:11:07,801 - INFO - 微博正文：🌸昨晚做了一个很美妙的梦P1“怎样能让它陪我久点”P3“我好像开始适应了没有那么喘了” 保定·河北农大西校区 
2021-06-11 22:11:07,801 - INFO - 原始图片url：https://wx4.sinaimg.cn/large/00695k38ly1gqtoxyke68j31910u0aov.jpg,https://wx3.sinaimg.cn/large/00695k38ly1gqtoxyyzedj30u0140jxp.jpg,https://wx4.sinaimg.cn/large/00695k38ly1gqtoxz9di6j31400u0aj0.jpg
2021-06-11 22:11:07,801 - INFO - 微博位置：保定·河北农大西校区
2021-06-11 22:11:07,801 - INFO - 发布时间：2021-05-24
2021-06-11 22:11:07,802 - INFO - 发布工具：iPhone客户端
2021-06-11 22:11:07,802 - INFO - 点赞数：2
2021-06-11 22:11:07,802 - INFO - 评论数：2
2021-06-11 22:11:07,802 - INFO - 转发数：0
2021-06-11 22:11:07,802 - INFO - 话题：
2021-06-11 22:11:07,803 - INFO - @用户：
2021-06-11 22:11:07,803 - INFO - url：https://m.weibo.cn/detail/4640446955394237
2021-06-11 22:11:07,803 - INFO - ------------------------------------------------------------------------------------------------------------------------
2021-06-11 22:11:07,804 - INFO - 微博id：4639579665597053
2021-06-11 22:11:07,804 - INFO - 微博正文：我能学会！我能学会的吧？！我能学会吗？？？ 保定·河北农大西校区 
2021-06-11 22:11:07,804 - INFO - 原始图片url：
2021-06-11 22:11:07,804 - INFO - 微博位置：保定·河北农大西校区
2021-06-11 22:11:07,804 - INFO - 发布时间：2021-05-22
2021-06-11 22:11:07,804 - INFO - 发布工具：iPhone客户端
2021-06-11 22:11:07,804 - INFO - 点赞数：1
2021-06-11 22:11:07,805 - INFO - 评论数：2
2021-06-11 22:11:07,805 - INFO - 转发数：0
2021-06-11 22:11:07,805 - INFO - 话题：
2021-06-11 22:11:07,805 - INFO - @用户：
2021-06-11 22:11:07,805 - INFO - url：https://m.weibo.cn/detail/4639579665597053
2021-06-11 22:11:07,805 - INFO - ------------------------------------------------------------------------------------------------------------------------
2021-06-11 22:11:07,806 - INFO - 微博id：4635395465413655
2021-06-11 22:11:07,806 - INFO - 微博正文：今天都是🌸姑娘哇 保定·河北农大西校区 
2021-06-11 22:11:07,806 - INFO - 原始图片url：https://wx4.sinaimg.cn/large/00695k38ly1gqdkx784taj30u0140tr7.jpg,https://wx3.sinaimg.cn/large/00695k38ly1gqdkx7v4jaj30u00z0qgc.jpg,https://wx4.sinaimg.cn/large/00695k38ly1gqdkx8b6ffj30u012h19j.jpg,https://wx4.sinaimg.cn/large/00695k38ly1gqdkx8ncnfj30u01404c7.jpg
2021-06-11 22:11:07,806 - INFO - 微博位置：保定·河北农大西校区
2021-06-11 22:11:07,807 - INFO - 发布时间：2021-05-10
2021-06-11 22:11:07,807 - INFO - 发布工具：iPhone客户端
2021-06-11 22:11:07,807 - INFO - 点赞数：2
2021-06-11 22:11:07,807 - INFO - 评论数：2
2021-06-11 22:11:07,807 - INFO - 转发数：0
2021-06-11 22:11:07,807 - INFO - 话题：
2021-06-11 22:11:07,808 - INFO - @用户：
2021-06-11 22:11:07,808 - INFO - url：https://m.weibo.cn/detail/4635395465413655
2021-06-11 22:11:07,808 - INFO - ------------------------------------------------------------------------------------------------------------------------
2021-06-11 22:11:07,808 - INFO - 微博id：4634697685275272
2021-06-11 22:11:07,808 - INFO - 微博正文：🧸论文写不出来 拍出了奇怪表情大赏哇🧸 保定·河北农大西校区 
2021-06-11 22:11:07,809 - INFO - 原始图片url：https://wx4.sinaimg.cn/large/00695k38ly1gqbcqedja8j32801o0npd.jpg,https://wx2.sinaimg.cn/large/00695k38ly1gqbcqbzx26j31o01o07wh.jpg,https://wx3.sinaimg.cn/large/00695k38ly1gqbcqgwgb8j31o02801ky.jpg,https://wx1.sinaimg.cn/large/00695k38ly1gqbcqk3vuoj31o0280qv5.jpg,https://wx2.sinaimg.cn/large/00695k38ly1gqbcqkvtqyj30n0173dpx.jpg
2021-06-11 22:11:07,809 - INFO - 微博位置：保定·河北农大西校区
2021-06-11 22:11:07,809 - INFO - 发布时间：2021-05-08
2021-06-11 22:11:07,809 - INFO - 发布工具：iPhone客户端
2021-06-11 22:11:07,809 - INFO - 点赞数：4
2021-06-11 22:11:07,810 - INFO - 评论数：2
2021-06-11 22:11:07,810 - INFO - 转发数：0
2021-06-11 22:11:07,810 - INFO - 话题：
2021-06-11 22:11:07,810 - INFO - @用户：
2021-06-11 22:11:07,810 - INFO - url：https://m.weibo.cn/detail/4634697685275272
2021-06-11 22:11:07,810 - INFO - ------------------------------------------------------------------------------------------------------------------------
2021-06-11 22:11:07,811 - INFO - 微博id：4632150613689927
2021-06-11 22:11:07,811 - INFO - 微博正文：🧩“小刘对我来说 就是温柔本身” 保定·河北农大西校区 
2021-06-11 22:11:07,811 - INFO - 原始图片url：https://wx3.sinaimg.cn/large/00695k38ly1gq382vj95zj32c0340u0x.jpg,https://wx2.sinaimg.cn/large/00695k38ly1gq383044cjj30mz0w6ajq.jpg,https://wx2.sinaimg.cn/large/00695k38ly1gq382wr7ksj30fs0fs76k.jpg,https://wx1.sinaimg.cn/large/00695k38ly1gq382xusf8j33402c04qq.jpg,https://wx3.sinaimg.cn/large/00695k38ly1gq38314jidj32c0340x6q.jpg,https://wx2.sinaimg.cn/large/00695k38ly1gq382z5rypj32c0340b2b.jpg
2021-06-11 22:11:07,812 - INFO - 微博位置：保定·河北农大西校区
2021-06-11 22:11:07,812 - INFO - 发布时间：2021-05-01
2021-06-11 22:11:07,812 - INFO - 发布工具：iPhone客户端
2021-06-11 22:11:07,812 - INFO - 点赞数：10
2021-06-11 22:11:07,812 - INFO - 评论数：4
2021-06-11 22:11:07,813 - INFO - 转发数：0
2021-06-11 22:11:07,813 - INFO - 话题：
2021-06-11 22:11:07,813 - INFO - @用户：
2021-06-11 22:11:07,813 - INFO - url：https://m.weibo.cn/detail/4632150613689927
2021-06-11 22:11:07,813 - INFO - ------------------------------------------------------------------------------------------------------------------------
2021-06-11 22:11:07,814 - INFO - 微博id：4630512926720316
2021-06-11 22:11:07,814 - INFO - 微博正文：和自己和解 尊重某一刻脑子里的所有感受和想法 
2021-06-11 22:11:07,814 - INFO - 原始图片url：
2021-06-11 22:11:07,814 - INFO - 微博位置：
2021-06-11 22:11:07,814 - INFO - 发布时间：2021-04-27
2021-06-11 22:11:07,814 - INFO - 发布工具：iPhone客户端
2021-06-11 22:11:07,815 - INFO - 点赞数：2
2021-06-11 22:11:07,815 - INFO - 评论数：0
2021-06-11 22:11:07,815 - INFO - 转发数：0
2021-06-11 22:11:07,815 - INFO - 话题：
2021-06-11 22:11:07,815 - INFO - @用户：
2021-06-11 22:11:07,815 - INFO - url：https://m.weibo.cn/detail/4630512926720316
2021-06-11 22:11:07,816 - INFO - ------------------------------------------------------------------------------------------------------------------------
2021-06-11 22:11:07,816 - INFO - 微博id：4628493130270781
2021-06-11 22:11:07,816 - INFO - 微博正文：“我希望我希望的永远有希望” 保定·河北农大西校区 
2021-06-11 22:11:07,816 - INFO - 原始图片url：https://wx2.sinaimg.cn/large/00695k38ly1gprk0qa0qcj30u0141qi0.jpg,https://wx4.sinaimg.cn/large/00695k38ly1gprk0psrnnj31400u012q.jpg,https://wx2.sinaimg.cn/large/00695k38ly1gprk0qxnocj30u0141aqq.jpg
2021-06-11 22:11:07,817 - INFO - 微博位置：保定·河北农大西校区
2021-06-11 22:11:07,817 - INFO - 发布时间：2021-04-21
2021-06-11 22:11:07,817 - INFO - 发布工具：iPhone客户端
2021-06-11 22:11:07,817 - INFO - 点赞数：27
2021-06-11 22:11:07,817 - INFO - 评论数：6
2021-06-11 22:11:07,817 - INFO - 转发数：0
2021-06-11 22:11:07,818 - INFO - 话题：
2021-06-11 22:11:07,818 - INFO - @用户：
2021-06-11 22:11:07,818 - INFO - url：https://m.weibo.cn/detail/4628493130270781
2021-06-11 22:11:07,818 - INFO - ------------------------------------------------------------------------------------------------------------------------
2021-06-11 22:11:07,818 - INFO - 微博id：4624205422790367
2021-06-11 22:11:07,819 - INFO - 微博正文：爱意积攒太多 见面就是唯一的解决办法 
2021-06-11 22:11:07,819 - INFO - 原始图片url：https://wx4.sinaimg.cn/large/00695k38ly1gpdvqx3hvij31sc2ds7wi.jpg,https://wx2.sinaimg.cn/large/00695k38ly1gpdvqy4jpjj33402c0e81.jpg,https://wx2.sinaimg.cn/large/00695k38ly1gpdvqz5odlj31o01flb29.jpg
2021-06-11 22:11:07,819 - INFO - 微博位置：
2021-06-11 22:11:07,819 - INFO - 发布时间：2021-04-09
2021-06-11 22:11:07,820 - INFO - 发布工具：iPhone客户端
2021-06-11 22:11:07,820 - INFO - 点赞数：4
2021-06-11 22:11:07,820 - INFO - 评论数：1
2021-06-11 22:11:07,820 - INFO - 转发数：0
2021-06-11 22:11:07,820 - INFO - 话题：
2021-06-11 22:11:07,821 - INFO - @用户：
2021-06-11 22:11:07,821 - INFO - url：https://m.weibo.cn/detail/4624205422790367
2021-06-11 22:11:07,821 - INFO - ------------------------------------------------------------------------------------------------------------------------
2021-06-11 22:11:07,822 - INFO - 微博id：4617930941139045
2021-06-11 22:11:07,822 - INFO - 微博正文：你猜 洞察力敏锐是不是件好事儿 张家口 
2021-06-11 22:11:07,822 - INFO - 原始图片url：
2021-06-11 22:11:07,822 - INFO - 微博位置：张家口
2021-06-11 22:11:07,822 - INFO - 发布时间：2021-03-23
2021-06-11 22:11:07,822 - INFO - 发布工具：iPhone客户端
2021-06-11 22:11:07,823 - INFO - 点赞数：1
2021-06-11 22:11:07,823 - INFO - 评论数：1
2021-06-11 22:11:07,823 - INFO - 转发数：0
2021-06-11 22:11:07,823 - INFO - 话题：
2021-06-11 22:11:07,823 - INFO - @用户：
2021-06-11 22:11:07,823 - INFO - url：https://m.weibo.cn/detail/4617930941139045
2021-06-11 22:11:07,824 - INFO - ------------------------------------------------------------------------------------------------------------------------
2021-06-11 22:11:07,824 - INFO - ------------------------------已获取小邓今天快乐嘛(5631052730)的第1页微博------------------------------
2021-06-11 22:11:18,840 - INFO - 微博id：4617269739259260
2021-06-11 22:11:18,840 - INFO - 微博正文：🤍做一阵风吧 有温柔也有英勇🤍 张家口·张北县 
2021-06-11 22:11:18,841 - INFO - 原始图片url：https://wx1.sinaimg.cn/large/00695k38ly1gorqzjkez3j31o01o0b29.jpg,https://wx2.sinaimg.cn/large/00695k38ly1gorqzk792zj31o01o07wh.jpg,https://wx1.sinaimg.cn/large/00695k38ly1gorqzj2sjij31o01o04qp.jpg
2021-06-11 22:11:18,841 - INFO - 微博位置：张家口·张北县
2021-06-11 22:11:18,841 - INFO - 发布时间：2021-03-21
2021-06-11 22:11:18,842 - INFO - 发布工具：iPhone客户端
2021-06-11 22:11:18,842 - INFO - 点赞数：6
2021-06-11 22:11:18,842 - INFO - 评论数：2
2021-06-11 22:11:18,842 - INFO - 转发数：0
2021-06-11 22:11:18,842 - INFO - 话题：
2021-06-11 22:11:18,842 - INFO - @用户：
2021-06-11 22:11:18,842 - INFO - url：https://m.weibo.cn/detail/4617269739259260
2021-06-11 22:11:18,843 - INFO - ------------------------------------------------------------------------------------------------------------------------
2021-06-11 22:11:18,843 - INFO - 微博id：4610412651220460
2021-06-11 22:11:18,844 - INFO - 微博正文：Hey 👋🏻 March 张家口·张北县 
2021-06-11 22:11:18,844 - INFO - 原始图片url：https://wx4.sinaimg.cn/large/00695k38ly1go5vn6fru3j30u00u0qdq.jpg,https://wx3.sinaimg.cn/large/00695k38ly1go5vn83o07j30u00u0wvp.jpg,https://wx3.sinaimg.cn/large/00695k38ly1go5vn98odhj30u00u0k4z.jpg,https://wx4.sinaimg.cn/large/00695k38ly1go5vn9w9pcj30u00u0wov.jpg,https://wx4.sinaimg.cn/large/00695k38ly1go5vnb0lk5j30u00u0wr1.jpg,https://wx4.sinaimg.cn/large/00695k38ly1go5vn5o9kdj30u00u07l9.jpg,https://wx3.sinaimg.cn/large/00695k38ly1go5vnboil4j30u00u0gyd.jpg,https://wx2.sinaimg.cn/large/00695k38ly1go5vnc0gpvj30n00n077w.jpg,https://wx2.sinaimg.cn/large/00695k38ly1go5vncdcbyj30rs0rsgr4.jpg
2021-06-11 22:11:18,846 - INFO - 微博位置：张家口·张北县
2021-06-11 22:11:18,846 - INFO - 发布时间：2021-03-02
2021-06-11 22:11:18,846 - INFO - 发布工具：iPhone客户端
2021-06-11 22:11:18,847 - INFO - 点赞数：5
2021-06-11 22:11:18,847 - INFO - 评论数：1
2021-06-11 22:11:18,847 - INFO - 转发数：0
2021-06-11 22:11:18,847 - INFO - 话题：
2021-06-11 22:11:18,847 - INFO - @用户：
2021-06-11 22:11:18,847 - INFO - url：https://m.weibo.cn/detail/4610412651220460
2021-06-11 22:11:18,847 - INFO - ------------------------------------------------------------------------------------------------------------------------
2021-06-11 22:11:18,848 - INFO - 微博id：4608169933015327
2021-06-11 22:11:18,848 - INFO - 微博正文：忙着摔跤🎿忙着快乐⛷️没有空想文案🈚️没有好看的滑雪照📷还有我好想学单板鸭 好帅 张家口·万龙滑雪场 
2021-06-11 22:11:18,848 - INFO - 原始图片url：https://wx2.sinaimg.cn/large/00695k38ly1gnyq1klhfuj31400u04cd.jpg,https://wx2.sinaimg.cn/large/00695k38ly1gnyq1kyapzj31400u0k2l.jpg,https://wx1.sinaimg.cn/large/00695k38ly1gnyq1lk1r8j31400u0dtx.jpg,https://wx1.sinaimg.cn/large/00695k38ly1gnyq1m2zdgj30u014xtle.jpg
2021-06-11 22:11:18,849 - INFO - 微博位置：张家口·万龙滑雪场
2021-06-11 22:11:18,849 - INFO - 发布时间：2021-02-24
2021-06-11 22:11:18,849 - INFO - 发布工具：iPhone客户端
2021-06-11 22:11:18,849 - INFO - 点赞数：10
2021-06-11 22:11:18,849 - INFO - 评论数：1
2021-06-11 22:11:18,849 - INFO - 转发数：0
2021-06-11 22:11:18,850 - INFO - 话题：
2021-06-11 22:11:18,850 - INFO - @用户：
2021-06-11 22:11:18,850 - INFO - url：https://m.weibo.cn/detail/4608169933015327
2021-06-11 22:11:18,850 - INFO - ------------------------------------------------------------------------------------------------------------------------
2021-06-11 22:11:18,851 - INFO - 微博id：4604936518896347
2021-06-11 22:11:18,851 - INFO - 微博正文：今天被小朋友喜欢了 真的超级开心 张家口·张北县 
2021-06-11 22:11:18,851 - INFO - 原始图片url：https://wx1.sinaimg.cn/large/00695k38ly1gnoeq38x63j30jm0fkdgt.jpg
2021-06-11 22:11:18,851 - INFO - 微博位置：张家口·张北县
2021-06-11 22:11:18,851 - INFO - 发布时间：2021-02-15
2021-06-11 22:11:18,852 - INFO - 发布工具：iPhone客户端
2021-06-11 22:11:18,852 - INFO - 点赞数：6
2021-06-11 22:11:18,852 - INFO - 评论数：2
2021-06-11 22:11:18,852 - INFO - 转发数：0
2021-06-11 22:11:18,852 - INFO - 话题：
2021-06-11 22:11:18,852 - INFO - @用户：
2021-06-11 22:11:18,852 - INFO - url：https://m.weibo.cn/detail/4604936518896347
2021-06-11 22:11:18,853 - INFO - ------------------------------------------------------------------------------------------------------------------------
2021-06-11 22:11:21,738 - INFO - 微博id：4601615959201470
2021-06-11 22:11:21,739 - INFO - 微博正文：Round 1我爸：闺女 炒鸡蛋要放葱嘛？我：放吧我爸：家里没葱了我：那你问我干嘛？我爸：走个流程Round 2我爸：我感觉你躺在床上也挺高的嘛我：我站起来呢？我爸：差点意思我：？？？Round 3我：爸 你看我今天画的妆好看嘛我爸：还行 没有不瞎抹好看我：Round 4什么消防培训推销人员给我爸打电话问家里有没有小孩有意愿我爸：没孩子我：我哪里来的？？？ 张家口
2021-06-11 22:11:21,739 - INFO - 原始图片url：
2021-06-11 22:11:21,739 - INFO - 微博位置：张家口
2021-06-11 22:11:21,740 - INFO - 发布时间：2021-02-06
2021-06-11 22:11:21,740 - INFO - 发布工具：iPhone客户端
2021-06-11 22:11:21,740 - INFO - 点赞数：6
2021-06-11 22:11:21,740 - INFO - 评论数：0
2021-06-11 22:11:21,740 - INFO - 转发数：0
2021-06-11 22:11:21,741 - INFO - 话题：
2021-06-11 22:11:21,741 - INFO - @用户：
2021-06-11 22:11:21,741 - INFO - url：https://m.weibo.cn/detail/4601615959201470
2021-06-11 22:11:21,741 - INFO - ------------------------------------------------------------------------------------------------------------------------
2021-06-11 22:11:21,742 - INFO - 微博id：4600479780182428
2021-06-11 22:11:21,742 - INFO - 微博正文：希望你每次回头看自己都觉得不一样 
2021-06-11 22:11:21,742 - INFO - 原始图片url：https://wx3.sinaimg.cn/large/00695k38ly1gna6uoxbsvj30u00u07h6.jpg,https://wx2.sinaimg.cn/large/00695k38ly1gna6ur9u9xj31o01o0kjl.jpg,https://wx4.sinaimg.cn/large/00695k38ly1gna6ustmbkj31o01o01kx.jpg,https://wx1.sinaimg.cn/large/00695k38ly1gna6uu39vqj30n00n0jtq.jpg,https://wx3.sinaimg.cn/large/00695k38ly1gna6uuvrpij317x17x4f4.jpg,https://wx3.sinaimg.cn/large/00695k38ly1gna6uwalkoj31o01o0e81.jpg,https://wx2.sinaimg.cn/large/00695k38ly1gna6uwsk90j30n00n0qam.jpg,https://wx3.sinaimg.cn/large/00695k38ly1gna6v061unj32bb2bbu0x.jpg,https://wx4.sinaimg.cn/large/00695k38ly1gna6v14usqj30n00n0akx.jpg
2021-06-11 22:11:21,743 - INFO - 微博位置：
2021-06-11 22:11:21,743 - INFO - 发布时间：2021-02-03
2021-06-11 22:11:21,743 - INFO - 发布工具：iPhone客户端
2021-06-11 22:11:21,743 - INFO - 点赞数：12
2021-06-11 22:11:21,743 - INFO - 评论数：3
2021-06-11 22:11:21,743 - INFO - 转发数：0
2021-06-11 22:11:21,744 - INFO - 话题：
2021-06-11 22:11:21,744 - INFO - @用户：
2021-06-11 22:11:21,744 - INFO - url：https://m.weibo.cn/detail/4600479780182428
2021-06-11 22:11:21,744 - INFO - ------------------------------------------------------------------------------------------------------------------------
2021-06-11 22:11:21,745 - INFO - 微博id：4597673493529926
2021-06-11 22:11:21,745 - INFO - 微博正文：今天刚收到一个新的眼影盘 就摔碎了另外两个盘你猜我是不是故意的 张家口·张北县 
2021-06-11 22:11:21,750 - INFO - 原始图片url：
2021-06-11 22:11:21,750 - INFO - 微博位置：张家口·张北县
2021-06-11 22:11:21,750 - INFO - 发布时间：2021-01-26
2021-06-11 22:11:21,750 - INFO - 发布工具：iPhone客户端
2021-06-11 22:11:21,750 - INFO - 点赞数：2
2021-06-11 22:11:21,751 - INFO - 评论数：0
2021-06-11 22:11:21,751 - INFO - 转发数：0
2021-06-11 22:11:21,751 - INFO - 话题：
2021-06-11 22:11:21,751 - INFO - @用户：
2021-06-11 22:11:21,751 - INFO - url：https://m.weibo.cn/detail/4597673493529926
2021-06-11 22:11:21,752 - INFO - ------------------------------------------------------------------------------------------------------------------------
2021-06-11 22:11:21,752 - INFO - 微博id：4596993886782127
2021-06-11 22:11:21,752 - INFO - 微博正文：今天天气真好 我能穿我很喜欢的大衣出门了💛💛修眉的时候把手划了个好大的口子 血还都抹在了脸上 还认真找哪个唇釉漏了 猜了半天色号来着最近一直在收拾旧物 发现安静下来一个人整理东西的感觉也特别好  最后 我好像get到镜面唇釉的美了👇🏻 张家口 
2021-06-11 22:11:21,753 - INFO - 原始图片url：https://wx4.sinaimg.cn/large/00695k38ly1gmz27bo2h2j30u00v1wnm.jpg
2021-06-11 22:11:21,753 - INFO - 微博位置：张家口
2021-06-11 22:11:21,753 - INFO - 发布时间：2021-01-24
2021-06-11 22:11:21,753 - INFO - 发布工具：iPhone客户端
2021-06-11 22:11:21,753 - INFO - 点赞数：7
2021-06-11 22:11:21,754 - INFO - 评论数：3
2021-06-11 22:11:21,754 - INFO - 转发数：0
2021-06-11 22:11:21,754 - INFO - 话题：
2021-06-11 22:11:21,754 - INFO - @用户：
2021-06-11 22:11:21,754 - INFO - url：https://m.weibo.cn/detail/4596993886782127
2021-06-11 22:11:21,755 - INFO - ------------------------------------------------------------------------------------------------------------------------
2021-06-11 22:11:21,755 - INFO - 微博id：4596259069117672
2021-06-11 22:11:21,755 - INFO - 微博正文：以后孩子之间的攀比 是不是可以改成 你被发现时上热搜了嘛 爆了嘛 多少赞 张家口 
2021-06-11 22:11:21,756 - INFO - 原始图片url：
2021-06-11 22:11:21,756 - INFO - 微博位置：张家口
2021-06-11 22:11:21,756 - INFO - 发布时间：2021-01-22
2021-06-11 22:11:21,756 - INFO - 发布工具：iPhone客户端
2021-06-11 22:11:21,756 - INFO - 点赞数：4
2021-06-11 22:11:21,757 - INFO - 评论数：0
2021-06-11 22:11:21,757 - INFO - 转发数：0
2021-06-11 22:11:21,757 - INFO - 话题：
2021-06-11 22:11:21,757 - INFO - @用户：
2021-06-11 22:11:21,757 - INFO - url：https://m.weibo.cn/detail/4596259069117672
2021-06-11 22:11:21,757 - INFO - ------------------------------------------------------------------------------------------------------------------------
2021-06-11 22:11:21,758 - INFO - 微博id：4595226301434928
2021-06-11 22:11:21,758 - INFO - 微博正文：我出息了 我专买李佳琦不推荐的颜色 张家口·张北县 
2021-06-11 22:11:21,758 - INFO - 原始图片url：
2021-06-11 22:11:21,759 - INFO - 微博位置：张家口·张北县
2021-06-11 22:11:21,759 - INFO - 发布时间：2021-01-19
2021-06-11 22:11:21,759 - INFO - 发布工具：iPhone客户端
2021-06-11 22:11:21,759 - INFO - 点赞数：4
2021-06-11 22:11:21,760 - INFO - 评论数：3
2021-06-11 22:11:21,760 - INFO - 转发数：0
2021-06-11 22:11:21,760 - INFO - 话题：
2021-06-11 22:11:21,760 - INFO - @用户：
2021-06-11 22:11:21,760 - INFO - url：https://m.weibo.cn/detail/4595226301434928
2021-06-11 22:11:21,761 - INFO - ------------------------------------------------------------------------------------------------------------------------
2021-06-11 22:11:21,761 - INFO - ------------------------------已获取小邓今天快乐嘛(5631052730)的第2页微博------------------------------
2021-06-11 22:11:43,285 - INFO - 微博id：4594409770845672
2021-06-11 22:11:43,285 - INFO - 微博正文：今天有亿点不一样🙈 张家口 
2021-06-11 22:11:43,285 - INFO - 原始图片url：https://wx3.sinaimg.cn/large/00695k38ly1gmqtqm0s0lj30n00vfak9.jpg,https://wx1.sinaimg.cn/large/00695k38ly1gmqtql3uvpj31k927db2a.jpg,https://wx1.sinaimg.cn/large/00695k38ly1gmqtqnwzjtj31o027iu0y.jpg,https://wx2.sinaimg.cn/large/00695k38ly1gmqtqoqlkjj312b1csayk.jpg
2021-06-11 22:11:43,286 - INFO - 微博位置：张家口
2021-06-11 22:11:43,286 - INFO - 发布时间：2021-01-17
2021-06-11 22:11:43,287 - INFO - 发布工具：iPhone客户端
2021-06-11 22:11:43,287 - INFO - 点赞数：7
2021-06-11 22:11:43,287 - INFO - 评论数：5
2021-06-11 22:11:43,287 - INFO - 转发数：0
2021-06-11 22:11:43,287 - INFO - 话题：
2021-06-11 22:11:43,288 - INFO - @用户：
2021-06-11 22:11:43,288 - INFO - url：https://m.weibo.cn/detail/4594409770845672
2021-06-11 22:11:43,288 - INFO - ------------------------------------------------------------------------------------------------------------------------
2021-06-11 22:11:43,289 - INFO - 微博id：4592930452939673
2021-06-11 22:11:43,289 - INFO - 微博正文：好像被点了睡眠穴 张家口·张北县 
2021-06-11 22:11:43,289 - INFO - 原始图片url：
2021-06-11 22:11:43,289 - INFO - 微博位置：张家口·张北县
2021-06-11 22:11:43,290 - INFO - 发布时间：2021-01-13
2021-06-11 22:11:43,290 - INFO - 发布工具：iPhone客户端
2021-06-11 22:11:43,290 - INFO - 点赞数：3
2021-06-11 22:11:43,290 - INFO - 评论数：0
2021-06-11 22:11:43,290 - INFO - 转发数：0
2021-06-11 22:11:43,290 - INFO - 话题：
2021-06-11 22:11:43,291 - INFO - @用户：
2021-06-11 22:11:43,291 - INFO - url：https://m.weibo.cn/detail/4592930452939673
2021-06-11 22:11:43,291 - INFO - ------------------------------------------------------------------------------------------------------------------------
2021-06-11 22:11:43,292 - INFO - 微博id：4591944246501408
2021-06-11 22:11:43,292 - INFO - 微博正文：我真的太太喜欢清爽又真诚的人了 张家口 
2021-06-11 22:11:43,292 - INFO - 原始图片url：https://wx4.sinaimg.cn/large/00695k38ly1gmiykbizyej30u00u07dx.jpg,https://wx3.sinaimg.cn/large/00695k38ly1gmiykdi57zj30u00u0dqg.jpg,https://wx1.sinaimg.cn/large/00695k38ly1gmiykehox5j30mh0mrn37.jpg,https://wx1.sinaimg.cn/large/00695k38ly1gmiyk9z0e1j30u00u07f9.jpg
2021-06-11 22:11:43,293 - INFO - 微博位置：张家口
2021-06-11 22:11:43,293 - INFO - 发布时间：2021-01-10
2021-06-11 22:11:43,293 - INFO - 发布工具：iPhone客户端
2021-06-11 22:11:43,293 - INFO - 点赞数：9
2021-06-11 22:11:43,293 - INFO - 评论数：5
2021-06-11 22:11:43,294 - INFO - 转发数：0
2021-06-11 22:11:43,294 - INFO - 话题：
2021-06-11 22:11:43,294 - INFO - @用户：
2021-06-11 22:11:43,294 - INFO - url：https://m.weibo.cn/detail/4591944246501408
2021-06-11 22:11:43,294 - INFO - ------------------------------------------------------------------------------------------------------------------------
2021-06-11 22:11:43,295 - INFO - 微博id：4589012436126488
2021-06-11 22:11:43,295 - INFO - 微博正文：所以什么时候流行圆脸呐～ 张家口 
2021-06-11 22:11:43,295 - INFO - 原始图片url：https://wx3.sinaimg.cn/large/00695k38ly1gm9lvzhgeej31o01901kx.jpg,https://wx4.sinaimg.cn/large/00695k38ly1gm9lw07wb1j31o0190h8z.jpg,https://wx2.sinaimg.cn/large/00695k38ly1gm9lvy6m5qj31o0190e43.jpg
2021-06-11 22:11:43,296 - INFO - 微博位置：张家口
2021-06-11 22:11:43,296 - INFO - 发布时间：2021-01-02
2021-06-11 22:11:43,296 - INFO - 发布工具：iPhone客户端
2021-06-11 22:11:43,296 - INFO - 点赞数：9
2021-06-11 22:11:43,296 - INFO - 评论数：1
2021-06-11 22:11:43,296 - INFO - 转发数：0
2021-06-11 22:11:43,296 - INFO - 话题：
2021-06-11 22:11:43,297 - INFO - @用户：
2021-06-11 22:11:43,297 - INFO - url：https://m.weibo.cn/detail/4589012436126488
2021-06-11 22:11:43,297 - INFO - ------------------------------------------------------------------------------------------------------------------------
2021-06-11 22:11:43,298 - INFO - 微博id：4587233250385585
2021-06-11 22:11:43,298 - INFO - 微博正文：中国人和美图的混血儿平平无奇怼脸拍小天才～ 张家口 
2021-06-11 22:11:43,298 - INFO - 原始图片url：https://wx3.sinaimg.cn/large/00695k38ly1gm3xism0cnj30u0140n77.jpg,https://wx4.sinaimg.cn/large/00695k38ly1gm3xithjl6j30vd0u0th7.jpg,https://wx4.sinaimg.cn/large/00695k38ly1gm3xiu08fxj30u0140489.jpg,https://wx4.sinaimg.cn/large/00695k38ly1gm3xiur1swj31400u014u.jpg
2021-06-11 22:11:43,298 - INFO - 微博位置：张家口
2021-06-11 22:11:43,298 - INFO - 发布时间：2020-12-28
2021-06-11 22:11:43,298 - INFO - 发布工具：iPhone客户端
2021-06-11 22:11:43,299 - INFO - 点赞数：7
2021-06-11 22:11:43,299 - INFO - 评论数：1
2021-06-11 22:11:43,299 - INFO - 转发数：0
2021-06-11 22:11:43,299 - INFO - 话题：
2021-06-11 22:11:43,299 - INFO - @用户：
2021-06-11 22:11:43,299 - INFO - url：https://m.weibo.cn/detail/4587233250385585
2021-06-11 22:11:43,299 - INFO - ------------------------------------------------------------------------------------------------------------------------
2021-06-11 22:11:43,300 - INFO - 微博id：4586457233362624
2021-06-11 22:11:43,300 - INFO - 微博正文：今天是宇宙无敌爆炸小委屈 保定·保定站 
2021-06-11 22:11:43,300 - INFO - 原始图片url：
2021-06-11 22:11:43,301 - INFO - 微博位置：保定·保定站
2021-06-11 22:11:43,301 - INFO - 发布时间：2020-12-26
2021-06-11 22:11:43,301 - INFO - 发布工具：iPhone客户端
2021-06-11 22:11:43,301 - INFO - 点赞数：2
2021-06-11 22:11:43,301 - INFO - 评论数：0
2021-06-11 22:11:43,301 - INFO - 转发数：0
2021-06-11 22:11:43,301 - INFO - 话题：
2021-06-11 22:11:43,302 - INFO - @用户：
2021-06-11 22:11:43,302 - INFO - url：https://m.weibo.cn/detail/4586457233362624
2021-06-11 22:11:43,302 - INFO - ------------------------------------------------------------------------------------------------------------------------
2021-06-11 22:11:43,303 - INFO - 微博id：4582416892563832
2021-06-11 22:11:43,303 - INFO - 微博正文：今天超少女🌸 保定·现代科技学院 
2021-06-11 22:11:43,303 - INFO - 原始图片url：https://wx1.sinaimg.cn/large/00695k38ly1glokf17mfej31o0280e81.jpg,https://wx2.sinaimg.cn/large/00695k38ly1glokf1x3fuj31o0280hdt.jpg,https://wx2.sinaimg.cn/large/00695k38ly1glokf2elgtj31o0280hdt.jpg,https://wx1.sinaimg.cn/large/00695k38ly1glokf2x565j31o0280e81.jpg,https://wx4.sinaimg.cn/large/00695k38ly1glokf3hn2ij31m2246b1m.jpg,https://wx3.sinaimg.cn/large/00695k38ly1glokf4car0j31o0280e81.jpg,https://wx1.sinaimg.cn/large/00695k38ly1glokf4ts7qj31o0280kjl.jpg,https://wx3.sinaimg.cn/large/00695k38ly1glokf0e4i0j31o0280hdt.jpg,https://wx4.sinaimg.cn/large/00695k38ly1glokf64w0xj31o0280qv5.jpg
2021-06-11 22:11:43,303 - INFO - 微博位置：保定·现代科技学院
2021-06-11 22:11:43,303 - INFO - 发布时间：2020-12-15
2021-06-11 22:11:43,304 - INFO - 发布工具：iPhone客户端
2021-06-11 22:11:43,304 - INFO - 点赞数：16
2021-06-11 22:11:43,304 - INFO - 评论数：12
2021-06-11 22:11:43,304 - INFO - 转发数：0
2021-06-11 22:11:43,304 - INFO - 话题：
2021-06-11 22:11:43,304 - INFO - @用户：
2021-06-11 22:11:43,304 - INFO - url：https://m.weibo.cn/detail/4582416892563832
2021-06-11 22:11:43,305 - INFO - ------------------------------------------------------------------------------------------------------------------------
2021-06-11 22:11:43,305 - INFO - ------------------------------已获取小邓今天快乐嘛(5631052730)的第3页微博------------------------------
2021-06-11 22:11:43,886 - INFO - 27条微博写入csv文件完毕,保存路径:
2021-06-11 22:11:43,886 - INFO - D:\project\weibo-crawler\weibo\小邓今天快乐嘛\5631052730.csv
2021-06-11 22:11:43,886 - INFO - 即将进行原创微博图片下载
2021-06-11 22:13:23,529 - ERROR - HTTPSConnectionPool(host='wx4.sinaimg.cn', port=443): Read timed out.
Traceback (most recent call last):
  File "C:\Users\liuch\anaconda3\lib\site-packages\urllib3\contrib\pyopenssl.py", line 313, in recv_into
    return self.connection.recv_into(*args, **kwargs)
  File "C:\Users\liuch\anaconda3\lib\site-packages\OpenSSL\SSL.py", line 1840, in recv_into
    self._raise_ssl_error(self._ssl, result)
  File "C:\Users\liuch\anaconda3\lib\site-packages\OpenSSL\SSL.py", line 1646, in _raise_ssl_error
    raise WantReadError()
OpenSSL.SSL.WantReadError

During handling of the above exception, another exception occurred:

Traceback (most recent call last):
  File "C:\Users\liuch\anaconda3\lib\site-packages\urllib3\response.py", line 436, in _error_catcher
    yield
  File "C:\Users\liuch\anaconda3\lib\site-packages\urllib3\response.py", line 518, in read
    data = self._fp.read(amt) if not fp_closed else b""
  File "C:\Users\liuch\anaconda3\lib\http\client.py", line 458, in read
    n = self.readinto(b)
  File "C:\Users\liuch\anaconda3\lib\http\client.py", line 502, in readinto
    n = self.fp.readinto(b)
  File "C:\Users\liuch\anaconda3\lib\socket.py", line 669, in readinto
    return self._sock.recv_into(b)
  File "C:\Users\liuch\anaconda3\lib\site-packages\urllib3\contrib\pyopenssl.py", line 326, in recv_into
    raise timeout("The read operation timed out")
socket.timeout: The read operation timed out

During handling of the above exception, another exception occurred:

Traceback (most recent call last):
  File "C:\Users\liuch\anaconda3\lib\site-packages\requests\models.py", line 750, in generate
    for chunk in self.raw.stream(chunk_size, decode_content=True):
  File "C:\Users\liuch\anaconda3\lib\site-packages\urllib3\response.py", line 575, in stream
    data = self.read(amt=amt, decode_content=decode_content)
  File "C:\Users\liuch\anaconda3\lib\site-packages\urllib3\response.py", line 540, in read
    raise IncompleteRead(self._fp_bytes_read, self.length_remaining)
  File "C:\Users\liuch\anaconda3\lib\contextlib.py", line 131, in __exit__
    self.gen.throw(type, value, traceback)
  File "C:\Users\liuch\anaconda3\lib\site-packages\urllib3\response.py", line 441, in _error_catcher
    raise ReadTimeoutError(self._pool, None, "Read timed out.")
urllib3.exceptions.ReadTimeoutError: HTTPSConnectionPool(host='wx4.sinaimg.cn', port=443): Read timed out.

During handling of the above exception, another exception occurred:

Traceback (most recent call last):
  File "weibo.py", line 375, in download_one_file
    downloaded = s.get(url,
  File "C:\Users\liuch\anaconda3\lib\site-packages\requests\sessions.py", line 546, in get
    return self.request('GET', url, **kwargs)
  File "C:\Users\liuch\anaconda3\lib\site-packages\requests\sessions.py", line 533, in request
    resp = self.send(prep, **send_kwargs)
  File "C:\Users\liuch\anaconda3\lib\site-packages\requests\sessions.py", line 686, in send
    r.content
  File "C:\Users\liuch\anaconda3\lib\site-packages\requests\models.py", line 828, in content
    self._content = b''.join(self.iter_content(CONTENT_CHUNK_SIZE)) or b''
  File "C:\Users\liuch\anaconda3\lib\site-packages\requests\models.py", line 757, in generate
    raise ConnectionError(e)
requests.exceptions.ConnectionError: HTTPSConnectionPool(host='wx4.sinaimg.cn', port=443): Read timed out.
